
2018-06-21 23:58:15	INFO	::casa	
2018-06-21 23:58:15	INFO	::casa	CASA Version 5.1.2-4  
2018-06-21 23:58:17	INFO	simalma::::	
2018-06-21 23:58:17	INFO	simalma::::+	##########################################
2018-06-21 23:58:17	INFO	simalma::::+	##### Begin Task: simalma            #####
2018-06-21 23:58:17	INFO	simalma::::	simalma(project="arrTarget",dryrun=False,skymodel="",inbright="",indirection="",
2018-06-21 23:58:17	INFO	simalma::::+	        incell="",incenter="",inwidth="",complist="source.cl",compwidth="200MHz",
2018-06-21 23:58:17	INFO	simalma::::+	        setpointings=True,ptgfile="$project.ptg.txt",integration="10s",direction="",mapsize="150arcsec",
2018-06-21 23:58:17	INFO	simalma::::+	        antennalist="/home/stephane/Science/ALMA/ArrayConfig/imaging/entropy/master/notebooks/data/alma.cycle5.4.cfg",hourangle="transit",totaltime="1h",tpnant=0,tptime="0s",
2018-06-21 23:58:17	INFO	simalma::::+	        pwv=5.0,image=True,imsize=750,imdirection="",cell="0.2arcsec",
2018-06-21 23:58:17	INFO	simalma::::+	        niter=2000,threshold="0.01mJy",graphics="both",verbose=False,overwrite=True)
2018-06-21 23:58:17	INFO	simalma::simutil::	============================================================
2018-06-21 23:58:17	INFO	simalma::simalma::	Checking the sky model
2018-06-21 23:58:17	INFO	simalma::simutil::	 
2018-06-21 23:58:17	INFO	simalma::simutil::	You will be simulating only from component list source.cl
2018-06-21 23:58:17	INFO	simalma::simutil::	Based on the spatial distribution of components, a sky model image will be generated with these parameters:
2018-06-21 23:58:17	INFO	simalma::simutil::	  image size          = 0.033381000deg
2018-06-21 23:58:17	INFO	simalma::simutil::	  reference direction = J2000 00:40:00.18552 -049.59.59.674800
2018-06-21 23:58:17	INFO	simalma::simutil::	and each call to simobserve will chose a skymodel cell size of 1/20 the expected PSF FWHM (to accurately locate components).
2018-06-21 23:58:17	INFO	simalma::simutil::	Simulation from components-only produces a single channel / continuum observation
2018-06-21 23:58:17	INFO	simalma::simutil::	  with bandwidth = 200MHz
2018-06-21 23:58:17	INFO	simalma::simutil::	 
2018-06-21 23:58:17	INFO	simalma::simutil::	You will be mapping an area of size 150.000000000arcsec,150.000000000arcsec
2018-06-21 23:58:17	INFO	simalma::simutil::	  primary beam size: 58.229485058arcsec
2018-06-21 23:58:17	INFO	simalma::simutil::	 
2018-06-21 23:58:17	INFO	simalma::simutil::	============================================================
2018-06-21 23:58:17	INFO	simalma::simalma::	You are requesting 1 configurations:
2018-06-21 23:58:17	INFO	simalma::readantenna::	Reading antenna positions from '/home/stephane/Science/ALMA/ArrayConfig/imaging/entropy/master/notebooks/data/alma.cycle5.4.cfg'
2018-06-21 23:58:17	INFO	simalma::readantenna::	Reading antenna positions from '/home/stephane/Science/ALMA/ArrayConfig/imaging/entropy/master/notebooks/data/alma.cycle5.4.cfg'
2018-06-21 23:58:17	INFO	simalma::simutil::	  
2018-06-21 23:58:17	INFO	simalma::simutil::	  /home/stephane/Science/ALMA/ArrayConfig/imaging/entropy/master/notebooks/data/alma.cycle5.4.cfg:
2018-06-21 23:58:17	INFO	simalma::simutil::	    12m ALMA array
2018-06-21 23:58:17	INFO	simalma::simutil::	    This is a cycle 5 configuration
2018-06-21 23:58:17	INFO	simalma::simutil::	    approximate synthesized beam FWHM = 1.381944 arcsec
2018-06-21 23:58:17	INFO	simalma::simutil::	       (at zenith; the actual beam will depend on declination, hourangle, and uv coverage)
2018-06-21 23:58:17	INFO	simalma::simutil::	    Observation time = 60.000000 min
2018-06-21 23:58:17	INFO	simalma::simutil::	
2018-06-21 23:58:17	INFO	simalma::simutil::	============================================================
2018-06-21 23:58:17	INFO	simalma::simalma::	simalma calls simobserve to simulate each component:
2018-06-21 23:58:17	INFO	simalma::simutil::	
2018-06-21 23:58:17	WARN	simalma::simalma::	------------------------------------------------------------
2018-06-21 23:58:17	WARN	simalma::simalma::	Step 1: simulating 12m ALMA array
2018-06-21 23:58:17	WARN	simalma::simalma::	------------------------------------------------------------
2018-06-21 23:58:17	INFO	simalma::simutil::	simobserve(antennalist=/home/stephane/Science/ALMA/ArrayConfig/imaging/entropy/master/notebooks/data/alma.cycle5.4.cfg, verbose=False, incell='', leakage=0.0, overwrite=True, calflux='0Jy', integration='10s', pointingspacing='0.510929441761PB', sdant=0, complist='source.cl', direction=[''], caldirection='', t_ground=270.0, compwidth='200MHz', sdantlist='', maptype='ALMA', graphics='both', inbright='', inwidth='', skymodel='', thermalnoise='tsys-atm', totaltime='60.000000min', hourangle='transit', ptgfile='$project.ptg.txt', obsmode='int', project='arrTarget', indirection='', user_pwv=5.0, mapsize=['150arcsec', '150arcsec'], incenter='', setpointings=True)
2018-06-21 23:58:18	INFO	simobserve::readantenna::	Reading antenna positions from '/home/stephane/Science/ALMA/ArrayConfig/imaging/entropy/master/notebooks/data/alma.cycle5.4.cfg'
2018-06-21 23:58:18	INFO	simobserve::readantenna::	Reading antenna positions from '/home/stephane/Science/ALMA/ArrayConfig/imaging/entropy/master/notebooks/data/alma.cycle5.4.cfg'
2018-06-21 23:58:18	INFO	readantenna::::	Created Paged image 'arrTarget/arrTarget.alma.cycle5.4.compskymodel' of shape [2608, 2608, 1, 1] with float valued pixels.
2018-06-21 23:58:18	INFO	readantenna::ComponentImager::project	Adding components to image with units [Jy/pixel.pixel]
2018-06-22 00:00:25	INFO	readantenna::ImageFactory::fromImage	Created image 'arrTarget/arrTarget.alma.cycle5.4.compskymodel.flat' of shape [2608, 2608]
2018-06-22 00:00:25	INFO	readantenna::image::_adddegaxes 	Creating image 'arrTarget/arrTarget.alma.cycle5.4.compskymodel.flat' of shape [2608, 2608, 1]
2018-06-22 00:00:26	INFO	simobserve::simobserve::	calculating map pointings centered at J2000 00:40:00.18552 -049.59.59.674800
2018-06-22 00:00:26	INFO	simobserve::calc_pointings::	using 33 generated pointing(s)
2018-06-22 00:00:26	INFO	simobserve::simobserve::	center = J2000 00:39:58.84999 -049.59.59.674800
2018-06-22 00:00:26	INFO	simobserve::simobserve::	preparing empty measurement set
2018-06-22 00:00:26	INFO	simobserve::simobserve::	You desire an hour angle of 0.0 hours
2018-06-22 00:00:28	INFO	simobserve::NewMSSimulator::initAnt() 	Using global coordinates for the antennas
2018-06-22 00:00:28	INFO	simobserve::NewMSSimulator::initAnt() 	Added rows to ANTENNA table
2018-06-22 00:00:28	INFO	simobserve::MSsimulator::initSpWindows() 	Creating new spectral window band1, ID 1
2018-06-22 00:00:28	INFO	simobserve::MSsimulator::initFeeds() 	Added rows to FEED table
2018-06-22 00:00:28	INFO	simobserve::simulator::settimes()	Times 
2018-06-22 00:00:28	INFO	simobserve::simulator::settimes()+	     Integration time 10s
2018-06-22 00:00:28	INFO	simobserve::simulator::settimes()	     Times will be interpreted as hour angles for first source
2018-06-22 00:00:28	INFO	simobserve::NewMSSimulator::observe()	First source: arrTarget.alma.cycle5.4_0 @ 00:39:53.50   -50.01.14.05       J2000
2018-06-22 00:00:28	INFO	simobserve::NewMSSimulator::observe()+	Full time range: 31-Dec-2013/21:59:52.0 -- 31-Dec-2013/22:59:52.0 TAI with int = 10
2018-06-22 00:00:28	INFO	simobserve::NewMSSimulator::observe()	Calculating a total of 360 integrations
2018-06-22 00:00:33	INFO	simobserve::Simulator::setdata() 	Selecting data
2018-06-22 00:00:33	INFO	simobserve::Simulator::setdata() 	Performing selection on MeasurementSet
2018-06-22 00:00:33	INFO	simobserve::Simulator::setdata() 	Selecting on field and spectral window ids
2018-06-22 00:00:33	INFO	simobserve::Simulator::setdata() 	No selection string given
2018-06-22 00:00:33	INFO	simobserve::Simulator::setdata() 	Selection did not drop any rows
2018-06-22 00:00:33	INFO	simobserve::Simulator::setvp()	Setting voltage pattern parameters
2018-06-22 00:00:33	INFO	simobserve::Simulator::setvp()	Beam Squint will be included in the VP model
2018-06-22 00:00:33	INFO	simobserve::Simulator::setvp()	and the parallactic angle increment is 360 degrees
2018-06-22 00:00:33	INFO	simobserve::simobserve::	done setting up observations (blank visibilities)
2018-06-22 00:00:33	INFO	simobserve::simobserve::	predicting from source.cl
2018-06-22 00:00:33	INFO	simobserve::Simulator::predict() 	Predicting visibilities using model: [] and componentList: source.cl
2018-06-22 00:00:33	INFO	simobserve::Simulator::predict() 	The data column will be replaced
2018-06-22 00:00:34	INFO	simobserve::Simulator::getVPRecord 	Using Voltage Patterns from the VPManager
2018-06-22 00:00:34	INFO	simobserve::Simulator::createSkyEquation() 	Synthesis gridding 
2018-06-22 00:00:34	INFO	simobserve::Simulator::createSkyEquation() 	Fourier transforms will use image centers as tangent points
2018-06-22 00:00:34	INFO	simobserve::VPSkyJones::VPSkyJones	PB used ALMA
2018-06-22 00:00:34	INFO	simobserve::BeamSkyJones::summary	Beam Summary: 
2018-06-22 00:00:34	INFO	simobserve::BeamSkyJones::summary	Model 1 for ALMA ant=-1 feed=-1 uses PB: AIRY
2018-06-22 00:00:34	INFO	simobserve::PBMath1D::summary	Using AIRY PB Class 
2018-06-22 00:00:34	INFO	simobserve::PBMathInterface::summary	These parameters are for Voltage Pattern
2018-06-22 00:00:34	INFO	simobserve::PBMathInterface::summary	No Beam Squint
2018-06-22 00:00:34	INFO	simobserve::PBMath1D::summary	Max Radius at 1 GHz: 107.04 arcmin 
2018-06-22 00:00:34	INFO	simobserve::PBMath1DAiry::summary	   Dish Diameter: 10.7 m 
2018-06-22 00:00:34	INFO	simobserve::PBMath1DAiry::summary	Blocked Diameter: 0.75 m 
2018-06-22 00:04:20	INFO	simalma::Simulator::reset() 	Resetting all visibility corruption components
2018-06-22 00:04:20	INFO	simalma::Simulator::reset() 	Reset all image-plane corruption components
2018-06-22 00:04:21	SEVERE	simalma::::	simalma -- Exception: simalma caught an exception in task simobserve
2018-06-22 00:04:21	SEVERE	simalma::::	An error occurred running task simalma.
2018-06-22 00:04:21	INFO	exportfits::utils::verify	Verifying arguments....File existence checking failed for imagename /home/stephane/Science/ALMA/ArrayConfig/imaging/entropy/simentropy/arrTarget/arrTarget.alma.cycle5.4.noisy.image
2018-06-22 00:04:21	WARN	exportfits::utils::verify	Argument imagename failed to verify.
2018-06-22 00:04:21	SEVERE	exportfits::::	An error occurred running task exportfits.
2018-06-22 00:04:21	INFO	exportfits::utils::verify	Verifying arguments....File existence checking failed for imagename /home/stephane/Science/ALMA/ArrayConfig/imaging/entropy/simentropy/arrTarget/arrTarget.alma.cycle5.4.compskymodel.flat.regrid.conv
2018-06-22 00:04:21	WARN	exportfits::utils::verify	Argument imagename failed to verify.
2018-06-22 00:04:21	SEVERE	exportfits::::	An error occurred running task exportfits.
