2018-06-22 13:55:53	INFO	::casa	
2018-06-22 13:55:53	INFO	::casa	CASA Version 5.1.2-4  
2018-06-22 13:56:01	INFO	simalma::::	
2018-06-22 13:56:01	INFO	simalma::::+	##########################################
2018-06-22 13:56:01	INFO	simalma::::+	##### Begin Task: simalma            #####
2018-06-22 13:56:01	INFO	simalma::::	simalma(project="arrTarget",dryrun=False,skymodel="",inbright="",indirection="",
2018-06-22 13:56:01	INFO	simalma::::+	        incell="",incenter="",inwidth="",complist="source.cl",compwidth="200MHz",
2018-06-22 13:56:01	INFO	simalma::::+	        setpointings=True,ptgfile="$project.ptg.txt",integration="10s",direction="",mapsize="150arcsec",
2018-06-22 13:56:01	INFO	simalma::::+	        antennalist="/home/stephane/Science/ALMA/ArrayConfig/imaging/entropy/master/notebooks/data/alma.cycle5.4.cfg",hourangle="transit",totaltime="1h",tpnant=0,tptime="0s",
2018-06-22 13:56:01	INFO	simalma::::+	        pwv=5.0,image=True,imsize=750,imdirection="",cell="0.2arcsec",
2018-06-22 13:56:01	INFO	simalma::::+	        niter=2000,threshold="0.01mJy",graphics="both",verbose=False,overwrite=True)
2018-06-22 13:56:01	INFO	simalma::::	Project directory, 'arrTarget', already exists.
2018-06-22 13:56:01	INFO	simalma::::	Removing old project directory 'arrTarget'
2018-06-22 13:56:01	INFO	simalma::simutil::	============================================================
2018-06-22 13:56:01	INFO	simalma::simalma::	Checking the sky model
2018-06-22 13:56:01	INFO	simalma::simutil::	 
2018-06-22 13:56:01	INFO	simalma::simutil::	You will be simulating only from component list source.cl
2018-06-22 13:56:01	INFO	simalma::simutil::	Based on the spatial distribution of components, a sky model image will be generated with these parameters:
2018-06-22 13:56:01	INFO	simalma::simutil::	  image size          = 0.033975000deg
2018-06-22 13:56:01	INFO	simalma::simutil::	  reference direction = J2000 00:40:00.08532 -049.59.58.245000
2018-06-22 13:56:01	INFO	simalma::simutil::	and each call to simobserve will chose a skymodel cell size of 1/20 the expected PSF FWHM (to accurately locate components).
2018-06-22 13:56:01	INFO	simalma::simutil::	Simulation from components-only produces a single channel / continuum observation
2018-06-22 13:56:01	INFO	simalma::simutil::	  with bandwidth = 200MHz
2018-06-22 13:56:01	INFO	simalma::simutil::	 
2018-06-22 13:56:01	INFO	simalma::simutil::	You will be mapping an area of size 150.000000000arcsec,150.000000000arcsec
2018-06-22 13:56:01	INFO	simalma::simutil::	  primary beam size: 58.229485058arcsec
2018-06-22 13:56:01	INFO	simalma::simutil::	 
2018-06-22 13:56:01	INFO	simalma::simutil::	============================================================
2018-06-22 13:56:01	INFO	simalma::simalma::	You are requesting 1 configurations:
2018-06-22 13:56:01	INFO	simalma::readantenna::	Reading antenna positions from '/home/stephane/Science/ALMA/ArrayConfig/imaging/entropy/master/notebooks/data/alma.cycle5.4.cfg'
2018-06-22 13:56:01	INFO	simalma::readantenna::	Reading antenna positions from '/home/stephane/Science/ALMA/ArrayConfig/imaging/entropy/master/notebooks/data/alma.cycle5.4.cfg'
2018-06-22 13:56:01	INFO	simalma::simutil::	  
2018-06-22 13:56:01	INFO	simalma::simutil::	  /home/stephane/Science/ALMA/ArrayConfig/imaging/entropy/master/notebooks/data/alma.cycle5.4.cfg:
2018-06-22 13:56:01	INFO	simalma::simutil::	    12m ALMA array
2018-06-22 13:56:01	INFO	simalma::simutil::	    This is a cycle 5 configuration
2018-06-22 13:56:01	INFO	simalma::simutil::	    approximate synthesized beam FWHM = 1.381944 arcsec
2018-06-22 13:56:01	INFO	simalma::simutil::	       (at zenith; the actual beam will depend on declination, hourangle, and uv coverage)
2018-06-22 13:56:01	INFO	simalma::simutil::	    Observation time = 60.000000 min
2018-06-22 13:56:01	INFO	simalma::simutil::	
2018-06-22 13:56:01	INFO	simalma::simutil::	============================================================
2018-06-22 13:56:01	INFO	simalma::simalma::	simalma calls simobserve to simulate each component:
2018-06-22 13:56:01	INFO	simalma::simutil::	
2018-06-22 13:56:01	WARN	simalma::simalma::	------------------------------------------------------------
2018-06-22 13:56:01	WARN	simalma::simalma::	Step 1: simulating 12m ALMA array
2018-06-22 13:56:01	WARN	simalma::simalma::	------------------------------------------------------------
2018-06-22 13:56:01	INFO	simalma::simutil::	simobserve(antennalist=/home/stephane/Science/ALMA/ArrayConfig/imaging/entropy/master/notebooks/data/alma.cycle5.4.cfg, verbose=False, incell='', leakage=0.0, overwrite=True, calflux='0Jy', integration='10s', pointingspacing='0.510929441761PB', sdant=0, complist='source.cl', direction=[''], caldirection='', t_ground=270.0, compwidth='200MHz', sdantlist='', maptype='ALMA', graphics='both', inbright='', inwidth='', skymodel='', thermalnoise='tsys-atm', totaltime='60.000000min', hourangle='transit', ptgfile='$project.ptg.txt', obsmode='int', project='arrTarget', indirection='', user_pwv=5.0, mapsize=['150arcsec', '150arcsec'], incenter='', setpointings=True)
2018-06-22 13:56:02	INFO	simobserve::readantenna::	Reading antenna positions from '/home/stephane/Science/ALMA/ArrayConfig/imaging/entropy/master/notebooks/data/alma.cycle5.4.cfg'
2018-06-22 13:56:02	INFO	simobserve::readantenna::	Reading antenna positions from '/home/stephane/Science/ALMA/ArrayConfig/imaging/entropy/master/notebooks/data/alma.cycle5.4.cfg'
2018-06-22 13:56:02	INFO	readantenna::::	Created Paged image 'arrTarget/arrTarget.alma.cycle5.4.compskymodel' of shape [2655, 2655, 1, 1] with float valued pixels.
2018-06-22 13:56:03	INFO	readantenna::ComponentImager::project	Adding components to image with units [Jy/pixel.pixel]
2018-06-22 13:57:37	INFO	readantenna::ImageFactory::fromImage	Created image 'arrTarget/arrTarget.alma.cycle5.4.compskymodel.flat' of shape [2655, 2655]
2018-06-22 13:57:38	INFO	readantenna::image::_adddegaxes 	Creating image 'arrTarget/arrTarget.alma.cycle5.4.compskymodel.flat' of shape [2655, 2655, 1]
2018-06-22 13:57:38	INFO	simobserve::simobserve::	calculating map pointings centered at J2000 00:40:00.08532 -049.59.58.245000
2018-06-22 13:57:38	INFO	simobserve::calc_pointings::	using 33 generated pointing(s)
2018-06-22 13:57:38	INFO	simobserve::simobserve::	center = J2000 00:39:58.74980 -049.59.58.245000
2018-06-22 13:57:39	INFO	simobserve::simobserve::	preparing empty measurement set
2018-06-22 13:57:39	INFO	simobserve::simobserve::	You desire an hour angle of 0.0 hours
2018-06-22 13:57:43	INFO	simobserve::NewMSSimulator::initAnt() 	Using global coordinates for the antennas
2018-06-22 13:57:43	INFO	simobserve::NewMSSimulator::initAnt() 	Added rows to ANTENNA table
2018-06-22 13:57:43	INFO	simobserve::MSsimulator::initSpWindows() 	Creating new spectral window band1, ID 1
2018-06-22 13:57:43	INFO	simobserve::MSsimulator::initFeeds() 	Added rows to FEED table
2018-06-22 13:57:43	INFO	simobserve::simulator::settimes()	Times 
2018-06-22 13:57:43	INFO	simobserve::simulator::settimes()+	     Integration time 10s
2018-06-22 13:57:43	INFO	simobserve::simulator::settimes()	     Times will be interpreted as hour angles for first source
2018-06-22 13:57:43	INFO	simobserve::NewMSSimulator::observe()	First source: arrTarget.alma.cycle5.4_0 @ 00:39:53.40   -50.01.12.62       J2000
2018-06-22 13:57:43	INFO	simobserve::NewMSSimulator::observe()+	Full time range: 31-Dec-2013/21:59:51.9 -- 31-Dec-2013/22:59:51.9 TAI with int = 10
2018-06-22 13:57:43	INFO	simobserve::NewMSSimulator::observe()	Calculating a total of 360 integrations
2018-06-22 13:57:48	INFO	simalma::Simulator::reset() 	Resetting all visibility corruption components
2018-06-22 13:57:48	INFO	simalma::Simulator::reset() 	Reset all image-plane corruption components
2018-06-22 13:57:49	SEVERE	simalma::::	simalma -- Exception: simalma caught an exception in task simobserve
2018-06-22 13:57:49	SEVERE	simalma::::	An error occurred running task simalma.
2018-06-22 13:57:49	INFO	exportfits::utils::verify	Verifying arguments....File existence checking failed for imagename /home/stephane/Science/ALMA/ArrayConfig/imaging/entropy/simentropy/arrTarget/arrTarget.alma.cycle5.4.noisy.image
2018-06-22 13:57:49	WARN	exportfits::utils::verify	Argument imagename failed to verify.
2018-06-22 13:57:49	SEVERE	exportfits::::	An error occurred running task exportfits.
2018-06-22 13:57:49	INFO	exportfits::utils::verify	Verifying arguments....File existence checking failed for imagename /home/stephane/Science/ALMA/ArrayConfig/imaging/entropy/simentropy/arrTarget/arrTarget.alma.cycle5.4.compskymodel.flat.regrid.conv
2018-06-22 13:57:49	WARN	exportfits::utils::verify	Argument imagename failed to verify.
2018-06-22 13:57:49	SEVERE	exportfits::::	An error occurred running task exportfits.
2018-06-22 13:57:49	INFO	simalma::::	
2018-06-22 13:57:49	INFO	simalma::::+	##########################################
2018-06-22 13:57:49	INFO	simalma::::+	##### Begin Task: simalma            #####
2018-06-22 13:57:49	INFO	simalma::::	simalma(project="simRan",dryrun=False,skymodel="",inbright="",indirection="",
2018-06-22 13:57:49	INFO	simalma::::+	        incell="",incenter="",inwidth="",complist="source.cl",compwidth="200MHz",
2018-06-22 13:57:49	INFO	simalma::::+	        setpointings=True,ptgfile="$project.ptg.txt",integration="10s",direction="",mapsize="150arcsec",
2018-06-22 13:57:49	INFO	simalma::::+	        antennalist="alma.simRan0.cfg",hourangle="transit",totaltime="1h",tpnant=0,tptime="0s",
2018-06-22 13:57:49	INFO	simalma::::+	        pwv=5.0,image=True,imsize=750,imdirection="",cell="0.2arcsec",
2018-06-22 13:57:49	INFO	simalma::::+	        niter=2000,threshold="0.01mJy",graphics="both",verbose=False,overwrite=True)
2018-06-22 13:57:49	INFO	simalma::::	Project directory, 'simRan', already exists.
2018-06-22 13:57:49	INFO	simalma::::	Removing old project directory 'simRan'
2018-06-22 13:57:49	INFO	simalma::simutil::	============================================================
2018-06-22 13:57:49	INFO	simalma::simalma::	Checking the sky model
2018-06-22 13:57:49	INFO	simalma::simutil::	 
