
2018-06-24 23:18:19	INFO	::casa	
2018-06-24 23:18:19	INFO	::casa	CASA Version 5.1.2-4  
2018-06-24 23:18:21	INFO	simalma::::	
2018-06-24 23:18:21	INFO	simalma::::+	##########################################
2018-06-24 23:18:21	INFO	simalma::::+	##### Begin Task: simalma            #####
2018-06-24 23:18:21	INFO	simalma::::	simalma(project="arrTarget",dryrun=False,skymodel="",inbright="",indirection="",
2018-06-24 23:18:21	INFO	simalma::::+	        incell="",incenter="",inwidth="",complist="source.cl",compwidth="200MHz",
2018-06-24 23:18:21	INFO	simalma::::+	        setpointings=True,ptgfile="$project.ptg.txt",integration="10s",direction="",mapsize="150arcsec",
2018-06-24 23:18:21	INFO	simalma::::+	        antennalist="/home/stephane/Science/ALMA/ArrayConfig/imaging/entropy/master/notebooks/data/alma.cycle2.3.cfg",hourangle="transit",totaltime="300s",tpnant=0,tptime="0s",
2018-06-24 23:18:21	INFO	simalma::::+	        pwv=5.0,image=True,imsize=750,imdirection="",cell="0.2arcsec",
2018-06-24 23:18:21	INFO	simalma::::+	        niter=2000,threshold="0.01mJy",graphics="both",verbose=False,overwrite=True)
2018-06-24 23:18:21	INFO	simalma::::	Project directory, 'arrTarget', already exists.
2018-06-24 23:18:21	INFO	simalma::::	Removing old project directory 'arrTarget'
2018-06-24 23:18:21	INFO	simalma::simutil::	============================================================
2018-06-24 23:18:21	INFO	simalma::simalma::	Checking the sky model
2018-06-24 23:18:21	INFO	simalma::simutil::	 
2018-06-24 23:18:21	INFO	simalma::simutil::	You will be simulating only from component list source.cl
2018-06-24 23:18:21	INFO	simalma::simutil::	Based on the spatial distribution of components, a sky model image will be generated with these parameters:
2018-06-24 23:18:21	INFO	simalma::simutil::	  image size          = 0.033830000deg
2018-06-24 23:18:21	INFO	simalma::simutil::	  reference direction = J2000 00:40:00.39720 -050.00.07.614000
2018-06-24 23:18:21	INFO	simalma::simutil::	and each call to simobserve will chose a skymodel cell size of 1/20 the expected PSF FWHM (to accurately locate components).
2018-06-24 23:18:21	INFO	simalma::simutil::	Simulation from components-only produces a single channel / continuum observation
2018-06-24 23:18:21	INFO	simalma::simutil::	  with bandwidth = 200MHz
2018-06-24 23:18:21	INFO	simalma::simutil::	 
2018-06-24 23:18:21	INFO	simalma::simutil::	You will be mapping an area of size 150.000000000arcsec,150.000000000arcsec
2018-06-24 23:18:21	INFO	simalma::simutil::	  primary beam size: 58.229485058arcsec
2018-06-24 23:18:21	INFO	simalma::simutil::	 
2018-06-24 23:18:21	INFO	simalma::simutil::	============================================================
2018-06-24 23:18:21	INFO	simalma::simalma::	You are requesting 1 configurations:
2018-06-24 23:18:21	INFO	simalma::readantenna::	Reading antenna positions from '/home/stephane/Science/ALMA/ArrayConfig/imaging/entropy/master/notebooks/data/alma.cycle2.3.cfg'
2018-06-24 23:18:21	INFO	simalma::readantenna::	Reading antenna positions from '/home/stephane/Science/ALMA/ArrayConfig/imaging/entropy/master/notebooks/data/alma.cycle2.3.cfg'
2018-06-24 23:18:21	INFO	simalma::simutil::	  
2018-06-24 23:18:21	INFO	simalma::simutil::	  /home/stephane/Science/ALMA/ArrayConfig/imaging/entropy/master/notebooks/data/alma.cycle2.3.cfg:
2018-06-24 23:18:21	INFO	simalma::simutil::	    12m ALMA array
2018-06-24 23:18:21	INFO	simalma::simutil::	    This is a cycle 2 configuration
2018-06-24 23:18:21	INFO	simalma::simutil::	    approximate synthesized beam FWHM = 2.175871 arcsec
2018-06-24 23:18:21	INFO	simalma::simutil::	       (at zenith; the actual beam will depend on declination, hourangle, and uv coverage)
2018-06-24 23:18:21	INFO	simalma::simutil::	    Observation time = 5.000000 min
2018-06-24 23:18:21	INFO	simalma::simutil::	
2018-06-24 23:18:21	INFO	simalma::simutil::	============================================================
2018-06-24 23:18:21	INFO	simalma::simalma::	simalma calls simobserve to simulate each component:
2018-06-24 23:18:21	INFO	simalma::simutil::	
2018-06-24 23:18:21	WARN	simalma::simalma::	------------------------------------------------------------
2018-06-24 23:18:21	WARN	simalma::simalma::	Step 1: simulating 12m ALMA array
2018-06-24 23:18:21	WARN	simalma::simalma::	------------------------------------------------------------
2018-06-24 23:18:21	INFO	simalma::simutil::	simobserve(antennalist=/home/stephane/Science/ALMA/ArrayConfig/imaging/entropy/master/notebooks/data/alma.cycle2.3.cfg, verbose=False, incell='', leakage=0.0, overwrite=True, calflux='0Jy', integration='10s', pointingspacing='0.510929441761PB', sdant=0, complist='source.cl', direction=[''], caldirection='', t_ground=270.0, compwidth='200MHz', sdantlist='', maptype='ALMA', graphics='both', inbright='', inwidth='', skymodel='', thermalnoise='tsys-atm', totaltime='5.000000min', hourangle='transit', ptgfile='$project.ptg.txt', obsmode='int', project='arrTarget', indirection='', user_pwv=5.0, mapsize=['150arcsec', '150arcsec'], incenter='', setpointings=True)
2018-06-24 23:18:21	INFO	simobserve::readantenna::	Reading antenna positions from '/home/stephane/Science/ALMA/ArrayConfig/imaging/entropy/master/notebooks/data/alma.cycle2.3.cfg'
2018-06-24 23:18:21	INFO	simobserve::readantenna::	Reading antenna positions from '/home/stephane/Science/ALMA/ArrayConfig/imaging/entropy/master/notebooks/data/alma.cycle2.3.cfg'
2018-06-24 23:18:21	INFO	readantenna::::	Created Paged image 'arrTarget/arrTarget.alma.cycle2.3.compskymodel' of shape [1679, 1679, 1, 1] with float valued pixels.
2018-06-24 23:18:21	INFO	readantenna::ComponentImager::project	Adding components to image with units [Jy/pixel.pixel]
2018-06-24 23:18:35	INFO	readantenna::ImageFactory::fromImage	Created image 'arrTarget/arrTarget.alma.cycle2.3.compskymodel.flat' of shape [1679, 1679]
2018-06-24 23:18:35	INFO	readantenna::image::_adddegaxes 	Creating image 'arrTarget/arrTarget.alma.cycle2.3.compskymodel.flat' of shape [1679, 1679, 1]
2018-06-24 23:18:35	INFO	simobserve::simobserve::	calculating map pointings centered at J2000 00:40:00.39720 -050.00.07.614000
2018-06-24 23:18:36	INFO	simobserve::calc_pointings::	using 33 generated pointing(s)
2018-06-24 23:18:36	INFO	simobserve::simobserve::	center = J2000 00:39:59.06160 -050.00.07.614000
2018-06-24 23:18:36	INFO	simobserve::simobserve::	preparing empty measurement set
2018-06-24 23:18:36	INFO	simobserve::simobserve::	You desire an hour angle of 0.0 hours
2018-06-24 23:18:38	INFO	simobserve::NewMSSimulator::initAnt() 	Using global coordinates for the antennas
2018-06-24 23:18:38	INFO	simobserve::NewMSSimulator::initAnt() 	Added rows to ANTENNA table
2018-06-24 23:18:38	INFO	simobserve::MSsimulator::initSpWindows() 	Creating new spectral window band1, ID 1
2018-06-24 23:18:38	INFO	simobserve::MSsimulator::initFeeds() 	Added rows to FEED table
2018-06-24 23:18:38	INFO	simobserve::simulator::settimes()	Times 
2018-06-24 23:18:38	INFO	simobserve::simulator::settimes()+	     Integration time 10s
2018-06-24 23:18:38	INFO	simobserve::simulator::settimes()	     Times will be interpreted as hour angles for first source
2018-06-24 23:18:38	WARN	simobserve::simutil::	Not all pointings in the mosaic will be observed - check mosaic setup and exposure time parameters!
2018-06-24 23:18:38	INFO	simutil::NewMSSimulator::observe()	First source: arrTarget.alma.cycle2.3_0 @ 00:39:53.71   -50.01.21.99       J2000
2018-06-24 23:18:38	INFO	simutil::NewMSSimulator::observe()+	Full time range: 31-Dec-2013/22:27:22.0 -- 31-Dec-2013/22:32:22.0 TAI with int = 10
2018-06-24 23:18:38	INFO	simutil::NewMSSimulator::observe()	Calculating a total of 30 integrations
2018-06-24 23:18:39	INFO	simutil::Simulator::setdata() 	Selecting data
2018-06-24 23:18:39	INFO	simutil::Simulator::setdata() 	Performing selection on MeasurementSet
2018-06-24 23:18:39	INFO	simutil::Simulator::setdata() 	Selecting on field and spectral window ids
2018-06-24 23:18:39	INFO	simutil::Simulator::setdata() 	No selection string given
2018-06-24 23:18:39	INFO	simutil::Simulator::setdata() 	Selection did not drop any rows
2018-06-24 23:18:39	INFO	simutil::Simulator::setvp()	Setting voltage pattern parameters
2018-06-24 23:18:39	INFO	simutil::Simulator::setvp()	Beam Squint will be included in the VP model
2018-06-24 23:18:39	INFO	simutil::Simulator::setvp()	and the parallactic angle increment is 360 degrees
2018-06-24 23:18:39	INFO	simobserve::simobserve::	done setting up observations (blank visibilities)
2018-06-24 23:18:39	INFO	simobserve::simobserve::	predicting from source.cl
2018-06-24 23:18:39	INFO	simobserve::Simulator::predict() 	Predicting visibilities using model: [] and componentList: source.cl
2018-06-24 23:18:39	INFO	simobserve::Simulator::predict() 	The data column will be replaced
2018-06-24 23:18:39	INFO	simobserve::Simulator::getVPRecord 	Using Voltage Patterns from the VPManager
2018-06-24 23:18:39	INFO	simobserve::Simulator::createSkyEquation() 	Synthesis gridding 
2018-06-24 23:18:39	INFO	simobserve::Simulator::createSkyEquation() 	Fourier transforms will use image centers as tangent points
2018-06-24 23:18:39	INFO	simobserve::VPSkyJones::VPSkyJones	PB used ALMA
2018-06-24 23:18:39	INFO	simobserve::BeamSkyJones::summary	Beam Summary: 
2018-06-24 23:18:39	INFO	simobserve::BeamSkyJones::summary	Model 1 for ALMA ant=-1 feed=-1 uses PB: AIRY
2018-06-24 23:18:39	INFO	simobserve::PBMath1D::summary	Using AIRY PB Class 
2018-06-24 23:18:39	INFO	simobserve::PBMathInterface::summary	These parameters are for Voltage Pattern
2018-06-24 23:18:39	INFO	simobserve::PBMathInterface::summary	No Beam Squint
2018-06-24 23:18:39	INFO	simobserve::PBMath1D::summary	Max Radius at 1 GHz: 107.04 arcmin 
2018-06-24 23:18:39	INFO	simobserve::PBMath1DAiry::summary	   Dish Diameter: 10.7 m 
2018-06-24 23:18:39	INFO	simobserve::PBMath1DAiry::summary	Blocked Diameter: 0.75 m 
2018-06-24 23:18:41	INFO	simobserve::Simulator::reset() 	Resetting all visibility corruption components
2018-06-24 23:18:41	INFO	simobserve::Simulator::reset() 	Reset all image-plane corruption components
2018-06-24 23:18:41	INFO	simobserve::simobserve::	generation of measurement set arrTarget/arrTarget.alma.cycle2.3.ms complete
2018-06-24 23:18:42	INFO	simobserve::::	Position: [1761.87, -4307.63, -1977.71]
2018-06-24 23:18:42	INFO	simobserve::::+	Epoch: 56658::00:00:00.0000
2018-06-24 23:18:42	INFO	simobserve::::+	Epoch: 56657::22:29:58.8551
2018-06-24 23:18:42	INFO	simobserve::::+	LAST of rise= 16:40:11.14
2018-06-24 23:18:42	INFO	simobserve::::	LAST of  set= 08:41:07.86
2018-06-24 23:18:42	INFO	simobserve::::	UTC of rise= 2013/12/31/14:30:29
2018-06-24 23:18:42	INFO	simobserve::::+	UTC of  set= 2014/01/01/06:28:48
2018-06-24 23:18:42	INFO	simobserve::ephemeris::	peak=31-Dec-2013/22:29:59
2018-06-24 23:18:42	INFO	simobserve::Imager::open() 	Opening MeasurementSet /home/stephane/Science/ALMA/ArrayConfig/imaging/entropy/simentropy/arrTarget/arrTarget.alma.cycle2.3.ms
2018-06-24 23:18:42	INFO	simobserve::simobserve::	using default model cell {'value': 0.108793570012, 'unit': 'arcsec'} for PSF calculation
2018-06-24 23:18:42	INFO	simobserve::imager::defineimage()	Defining image properties:nx=128 ny=128 cellx='0.108794arcsec' celly='0.108794arcsec' stokes=I' mode=MFS nchan=-1 start=0 step=0 spwids=[0] fieldid=0 facets=1 frame=1 distance='0'
2018-06-24 23:18:42	INFO	simobserve::imager::defineimage()	 phaseCenter='field-0 ' mStart='Radialvelocity: 0' qStep='0 '' mFreqStart='Frequency: 0
2018-06-24 23:18:42	INFO	simobserve::imager::approximatepsfs() 	Calculating approximate PSFs using full sky equation
2018-06-24 23:18:42	INFO	simobserve::imager::createFTMachine() 	Performing interferometric gridding...
2018-06-24 23:18:43	INFO	simobserve::ImageSkyModel::makeApproxPSFs	bmaj: 1.95697", bmin: 1.77101", bpa: 25.1568 deg
2018-06-24 23:18:43	INFO	simobserve::imager::approximatepsfs() 	Approximate PSF  : size 1.95697 by 1.77101 (arcsec) at pa 25.1568 (deg)
2018-06-24 23:18:43	INFO	simobserve::imager::approximatepsfs() +	and volume = 144.739 pixels 
2018-06-24 23:18:43	INFO	simobserve::imager::fitpsf() 	Fitting to psf
2018-06-24 23:18:43	INFO	simobserve::imager::fitpsf() 	  Beam fit: 1.95697 by 1.77101 (arcsec) at pa 25.1568 (deg) 
2018-06-24 23:18:43	INFO	simobserve::CasacRegionManager::fromBCS	No directional region specified. Using full positional plane.
2018-06-24 23:18:43	INFO	simobserve::CasacRegionManager::fromBCS	Using all spectral channels.
2018-06-24 23:18:43	INFO	simobserve::CasacRegionManager::fromBCS	Using polarizations ALL
2018-06-24 23:18:43	INFO	simobserve::ImageRegion::fromRecord	Selected bounding box : 
2018-06-24 23:18:43	INFO	simobserve::ImageRegion::fromRecord+	    [0, 0, 0, 0] to [127, 127, 0, 0]  (00:39:54.436, -50.01.28.954, I, 1e+11Hz to 00:39:53.002, -50.01.15.137, I, 1e+11Hz)
2018-06-24 23:18:43	INFO	simobserve::noise::	copying arrTarget/arrTarget.alma.cycle2.3.ms to arrTarget/arrTarget.alma.cycle2.3.noisy.ms and adding thermal noise
2018-06-24 23:18:43	INFO	simobserve::noise::	interpolated receiver temp=45
2018-06-24 23:18:43	INFO	noise::NewMSSimulator::NewMSSimulator(MeasurementSet& theMS) 	Opening MeasurementSet /home/stephane/Science/ALMA/ArrayConfig/imaging/entropy/simentropy/arrTarget/arrTarget.alma.cycle2.3.noisy.ms with 16830 rows
2018-06-24 23:18:43	INFO	noise::NewMSSimulator::NewMSSimulator(MeasurementSet& theMS) 	   last spectral window ID = 1
2018-06-24 23:18:43	INFO	noise::Simulator::setdata() 	Selecting data
2018-06-24 23:18:43	INFO	noise::Simulator::setdata() 	Performing selection on MeasurementSet
2018-06-24 23:18:43	INFO	noise::Simulator::setdata() 	Selecting on spectral window id
2018-06-24 23:18:43	INFO	noise::Simulator::setdata() 	No selection string given
2018-06-24 23:18:43	INFO	noise::Simulator::setdata() 	Selection did not drop any rows
2018-06-24 23:18:43	INFO	noise::Simulator::create_corrupt() 	Creating A NOISE Calibration structure for data corruption.
2018-06-24 23:18:43	INFO	noise::SVC::sizeUpSim() 	For simint = integration, found 1 solution intervals.
2018-06-24 23:18:43	INFO	noise::SVC[A Noise]::setSimulate() 	calTable name not set - not writing to disk (note: OTF sim - not creating Calset either)
2018-06-24 23:18:43	INFO	noise::Simulator::setnoise2() 	adding noise with the sensitivity constant of 1/sqrt(2)
2018-06-24 23:18:43	INFO	noise::Simulator::setnoise2() 	User has not set ground pressure, using 560mb
2018-06-24 23:18:43	INFO	noise::Simulator::setnoise2() 	User has not set site altitude, using 5000m
2018-06-24 23:18:43	INFO	noise::Simulator::setnoise2() 	User has not set water scale height, using 2km
2018-06-24 23:18:43	INFO	noise::Simulator::create_corrupt() 	Creating TF NOISE Calibration structure for data corruption.
2018-06-24 23:18:43	INFO	noise::SVC::sizeUpSim() 	For simint = integration, found 30 solution intervals.
2018-06-24 23:18:43	INFO	noise::AtmCorr::initAtm 	Initializing ATM
2018-06-24 23:18:43	INFO	noise::AtmCorr::initAtm 	altitude=5000m, Pground=560mb, Tground=270K, humidity= 20%, water scale height=2000m
2018-06-24 23:18:43	INFO	noise::AtmCorr::initAtm 	Spectral window 100(ch 5/10)
2018-06-24 23:18:43	INFO	noise::AtmCorr::initAtm 	After setting WH2O to 5
2018-06-24 23:18:43	INFO	noise::AtmCorr::initAtm 	Dry and Wet Opacity from RefractiveIndexProfile = 0.0111715, 0.0353835 at 100 GHz (ch0)
2018-06-24 23:18:43	INFO	noise::AtmCorr::initAtm 	Dry and Wet Opacity from SkyStatus              = 0.0111715, 0.0353835
2018-06-24 23:18:43	INFO	noise::AtmCorr::initAtm 	Sky plus ground and CMB Brightness Temp across Spw 0, for spill=0.95 Tground=270 pwv=5
2018-06-24 23:18:43	INFO	noise::AtmCorr::initAtm 	 Zenith Tebb[99.9,100,100.08]=[27.5747,27.6059,27.6344]
2018-06-24 23:18:43	INFO	noise::AtmCorr::init(vi,par,type) 	Zenith Tsys at center of first Spectral Window = 73.6237 tground=270 spillover=0.95
2018-06-24 23:18:43	INFO	noise::AtmCorr::init(vi,par,type) 	 pwv=5 tau=0.046555(ch0)
2018-06-24 23:18:43	INFO	noise::SVC[Tf Jones]::setSimulate() 	Calculating corruption terms for simulated Tf Jones: output table=arrTarget/arrTarget.alma.cycle2.3.noisy.T.cal simint=integration t=0
2018-06-24 23:18:43	INFO	noise::SVC[Tf Jones]::setSimulate() 	Writing calTable = arrTarget/arrTarget.alma.cycle2.3.noisy.T.cal (Tf Jones)
2018-06-24 23:18:43	INFO	noise::::	Writing solutions to table: arrTarget/arrTarget.alma.cycle2.3.noisy.T.cal
2018-06-24 23:18:45	INFO	noise::Simulator::corrupt() 	Doing visibility corruption.
2018-06-24 23:18:45	INFO	noise::Simulator::corrupt() 	simulated A Noise: output table=<none> simint=integration t=0spwok = [1] in correct mode.
2018-06-24 23:18:45	INFO	noise::Simulator::corrupt() 	simulated Tf Jones: output table=arrTarget/arrTarget.alma.cycle2.3.noisy.T.cal simint=integration t=0spwok = [1] in corrupt mode.
2018-06-24 23:18:45	INFO	noise::Simulator::reset() 	Resetting all visibility corruption components
2018-06-24 23:18:45	INFO	noise::Simulator::reset() 	Reset all image-plane corruption components
2018-06-24 23:18:45	INFO	simalma::simutil::	 
2018-06-24 23:18:45	INFO	simalma::simalma::	------------------------------------------------------------
2018-06-24 23:18:45	INFO	simalma::simalma::	Step 2: imaging and analyzing /home/stephane/Science/ALMA/ArrayConfig/imaging/entropy/master/notebooks/data/alma.cycle2.3.cfg
2018-06-24 23:18:45	WARN	simalma::simalma::	  This step is optional, but useful to assess the result from just one configuration.
2018-06-24 23:18:45	WARN	simalma::simalma::	  WARNING: The example clean shown here uses no mask, may diverge, and almost certainly is not optimal.
2018-06-24 23:18:45	WARN	simalma::simalma::	  Users are HIGHLY recommended to use interactive clean masking (in simanalyze or directly in clean)
2018-06-24 23:18:45	WARN	simalma::simalma::	  Auto-masking is under development for use in the ALMA pipeline and will be included here in a future release
2018-06-24 23:18:45	INFO	simalma::simalma::	------------------------------------------------------------
2018-06-24 23:18:45	INFO	simalma::simutil::	simanalyze(cell='0.2arcsec', analyze=True, dryrun=False, verbose=False, niter=2000, stokes='I', image=True, outertaper=[], mask=[], project='arrTarget', vis='arrTarget.alma.cycle2.3.noisy.ms', logfile='arrTarget/arrTarget.simalma.report.txt', imdirection='J2000 00:40:00.39720 -050.00.07.614000', graphics='both', threshold='0.01mJy', weighting='briggs', modelimage='', overwrite=True, imsize=[750])
2018-06-24 23:18:45	INFO	simanalyze::simanalyze::	Found a synthesis measurement set, arrTarget/arrTarget.alma.cycle2.3.noisy.ms.
2018-06-24 23:18:45	INFO	simanalyze::simanalyze::	Sky model image arrTarget/arrTarget.alma.cycle2.3.compskymodel found.
2018-06-24 23:18:45	INFO	simanalyze::simutil::	clean(vis='arrTarget/arrTarget.alma.cycle2.3.noisy.ms',imagename='arrTarget/arrTarget.alma.cycle2.3.noisy',niter=2000,threshold='0.01mJy',psfmode='clark',imagermode='mosaic',ftmachine='mosaic',mask=[],imsize=[750, 750],cell=['0.2arcsec','0.2arcsec'],phasecenter='J2000 00:40:00.39720 -050.00.07.614000',weighting='briggs',robust=0.5,uvtaper=False,pbcor=True)
2018-06-24 23:18:53	INFO	ImageFactory::fromImage	Created image 'arrTarget/arrTarget.alma.cycle2.3.noisy.image.flat' of shape [750, 750]
2018-06-24 23:18:53	INFO	image::_adddegaxes 	Creating image 'arrTarget/arrTarget.alma.cycle2.3.noisy.image.flat' of shape [750, 750, 1]
2018-06-24 23:18:55	INFO	ImageFactory::fromImage	Created image 'arrTarget/arrTarget.alma.cycle2.3.noisy.residual.flat' of shape [750, 750]
2018-06-24 23:18:55	INFO	image::_adddegaxes 	Creating image 'arrTarget/arrTarget.alma.cycle2.3.noisy.residual.flat' of shape [750, 750, 1]
2018-06-24 23:18:55	INFO	clean::simanalyze::	done inverting and cleaning
2018-06-24 23:18:55	INFO	clean::simanalyze::	synthesized beam area in output pixels = 87.834387
2018-06-24 23:18:55	INFO	simanalyze::BeamManipulator::set	Setting (global) restoring beam.
2018-06-24 23:18:55	INFO	simanalyze::BeamManipulator::set	Beam parameters:  Major          : 1.87373 arcsec
2018-06-24 23:18:55	INFO	simanalyze::BeamManipulator::set+	  Minor          : 1.65481 arcsec
2018-06-24 23:18:55	INFO	simanalyze::BeamManipulator::set+	  Position Angle : 23.5332 deg
2018-06-24 23:18:56	INFO	simanalyze::CasacRegionManager::fromBCS	No directional region specified. Using full positional plane.
2018-06-24 23:18:56	INFO	simanalyze::CasacRegionManager::fromBCS	Using polarizations ALL
2018-06-24 23:18:56	INFO	simanalyze::ImageMaskAttacher::makeMask	Created and initialized mask `mask0'
2018-06-24 23:18:56	INFO	simanalyze::ImageRegrid::_checkAxes 	The Stokes axis cannot be regridded - removing from list
2018-06-24 23:18:56	WARN	simanalyze::ImageRegrid::regrid	You are regridding an image whose beam is not well sampled by the pixel size.  Total flux can be lost when regridding such images, especially when the new pixel size is larger than the old pixel size. It is recommended to check the total flux of your input and output image, and if necessary rebin the input to have smaller pixels.
2018-06-24 23:18:56	INFO	simanalyze::ImageRegrid::regrid 	Applying Jy/pixel scale factor of 3.37951
2018-06-24 23:18:56	INFO	simanalyze::SubImageFactory::createImage	Creating image 'arrTarget/arrTarget.alma.cycle2.3.compskymodel.flat.regrid.tmp' of shape [750, 750, 1]
2018-06-24 23:18:56	INFO	simanalyze::ImageExprCalculator::_imagecalc	Creating image `arrTarget/arrTarget.alma.cycle2.3.compskymodel.flat.regrid' of shape [750, 750, 1]
2018-06-24 23:18:57	INFO	simanalyze::Image2DConvolver::_dealWithRestoringBeam	You are convolving the sky
2018-06-24 23:18:57	INFO	simanalyze::Image2DConvolver::_dealWithRestoringBeam	Scaling pixel values by 1
2018-06-24 23:18:58	INFO	simanalyze::Image2DConvolver::_dealWithRestoringBeam	Original /home/stephane/Science/ALMA/ArrayConfig/imaging/entropy/simentropy/arrTarget/arrTarget.alma.cycle2.3.compskymodel.flat.regrid resolution major: 1.87373 arcsec, minor: 1.65481 arcsec, pa: 23.5332 deg
2018-06-24 23:18:58	INFO	simanalyze::Image2DConvolver::_dealWithRestoringBeam	Output arrTarget/arrTarget.alma.cycle2.3.compskymodel.flat.regrid.conv resolution major: 1.87373 arcsec, minor: 1.65481 arcsec, pa: 23.5332 deg
2018-06-24 23:18:58	INFO	simanalyze::SubImageFactory::createImage	Creating image 'arrTarget/arrTarget.alma.cycle2.3.compskymodel.flat.regrid.conv' of shape [750, 750, 1]
2018-06-24 23:18:58	INFO	simanalyze::BeamManipulator::set	Setting (global) restoring beam.
2018-06-24 23:18:58	INFO	simanalyze::BeamManipulator::set	Beam parameters:  Major          : 1.87373 arcsec
2018-06-24 23:18:58	INFO	simanalyze::BeamManipulator::set+	  Minor          : 1.65481 arcsec
2018-06-24 23:18:58	INFO	simanalyze::BeamManipulator::set+	  Position Angle : 23.5332 deg
2018-06-24 23:18:58	INFO	simanalyze::ImageRegion::fromRecord	Selected bounding box : 
2018-06-24 23:18:58	INFO	simanalyze::ImageRegion::fromRecord+	    [0, 0, 0] to [749, 749, 0]  (00:40:08.180, -50.01.22.598, I to 00:39:52.642, -49.58.52.798, I)
2018-06-24 23:18:58	INFO	simanalyze::ImageRegion::fromRecord	Selected bounding box : 
2018-06-24 23:18:58	INFO	simanalyze::ImageRegion::fromRecord+	    [0, 0, 0] to [749, 749, 0]  (00:40:08.180, -50.01.22.598, I to 00:39:52.642, -49.58.52.798, I)
2018-06-24 23:18:58	INFO1	simanalyze::ImageHistogramsCalculator::compute	Creating new statistics storage lattice of shape [12]
2018-06-24 23:18:58	DEBUG1	simanalyze::ImageHistogramsCalculator::compute	Creating new histogram storage lattice
2018-06-24 23:18:58	INFO	simanalyze::ImageRegion::fromRecord	Selected bounding box : 
2018-06-24 23:18:58	INFO	simanalyze::ImageRegion::fromRecord+	    [0, 0, 0] to [749, 749, 0]  (00:40:08.180, -50.01.22.598, I to 00:39:52.642, -49.58.52.798, I)
2018-06-24 23:18:58	INFO	simanalyze::ImageRegion::fromRecord	Selected bounding box : 
2018-06-24 23:18:58	INFO	simanalyze::ImageRegion::fromRecord+	    [0, 0, 0] to [749, 749, 0]  (00:40:08.180, -50.01.22.598, I to 00:39:52.642, -49.58.52.798, I)
2018-06-24 23:18:58	INFO1	simanalyze::ImageHistogramsCalculator::compute	Creating new statistics storage lattice of shape [12]
2018-06-24 23:18:58	DEBUG1	simanalyze::ImageHistogramsCalculator::compute	Creating new histogram storage lattice
2018-06-24 23:18:59	INFO	simanalyze::ImageRegion::fromRecord	Selected bounding box : 
2018-06-24 23:18:59	INFO	simanalyze::ImageRegion::fromRecord+	    [0, 0, 0] to [749, 749, 0]  (00:40:08.180, -50.01.22.598, I to 00:39:52.642, -49.58.52.798, I)
2018-06-24 23:18:59	INFO	simanalyze::ImageRegion::fromRecord	Selected bounding box : 
2018-06-24 23:18:59	INFO	simanalyze::ImageRegion::fromRecord+	    [0, 0, 0] to [749, 749, 0]  (00:40:08.180, -50.01.22.598, I to 00:39:52.642, -49.58.52.798, I)
2018-06-24 23:18:59	INFO1	simanalyze::ImageHistogramsCalculator::compute	Creating new statistics storage lattice of shape [12]
2018-06-24 23:18:59	DEBUG1	simanalyze::ImageHistogramsCalculator::compute	Creating new histogram storage lattice
2018-06-24 23:18:59	INFO	clean::statim::	arrTarget/arrTarget.alma.cycle2.3.noisy.residual.flat: unknown units
2018-06-24 23:18:59	INFO	statim::ImageRegion::fromRecord	Selected bounding box : 
2018-06-24 23:18:59	INFO	statim::ImageRegion::fromRecord+	    [0, 0, 0] to [749, 749, 0]  (00:40:08.180, -50.01.22.598, I to 00:39:52.642, -49.58.52.798, I)
2018-06-24 23:18:59	INFO	statim::ImageRegion::fromRecord	Selected bounding box : 
2018-06-24 23:18:59	INFO	statim::ImageRegion::fromRecord+	    [0, 0, 0] to [749, 749, 0]  (00:40:08.180, -50.01.22.598, I to 00:39:52.642, -49.58.52.798, I)
2018-06-24 23:18:59	INFO1	statim::ImageHistogramsCalculator::compute	Creating new statistics storage lattice of shape [12]
2018-06-24 23:18:59	DEBUG1	statim::ImageHistogramsCalculator::compute	Creating new histogram storage lattice
2018-06-24 23:18:59	INFO	statim::ImageExprCalculator::_imagecalc	Creating image `arrTarget/arrTarget.alma.cycle2.3.noisy.diff' of shape [750, 750, 1]
2018-06-24 23:19:00	INFO	statim::ImageExprCalculator::_imagecalc	Creating image `arrTarget/arrTarget.alma.cycle2.3.noisy.absdiff' of shape [750, 750, 1]
2018-06-24 23:19:01	INFO	statim::ImageExprCalculator::_imagecalc	Creating image `arrTarget/arrTarget.alma.cycle2.3.noisy.fidelity' of shape [750, 750, 1]
2018-06-24 23:19:01	INFO	clean::analysis::	fidelity image calculated
2018-06-24 23:19:01	INFO	analysis::ImageExprCalculator::_imagecalc	Creating image `arrTarget/arrTarget.alma.cycle2.3.noisy.absconv' of shape [750, 750, 1]
2018-06-24 23:19:02	INFO	clean::analysis::	fidelity range (max model / rms difference) = 85.6297602942
2018-06-24 23:19:02	INFO	analysis::CasacRegionManager::fromBCS	No directional region specified. Using full positional plane.
2018-06-24 23:19:02	INFO	analysis::CasacRegionManager::fromBCS	Using all spectral channels.
2018-06-24 23:19:02	INFO	analysis::CasacRegionManager::fromBCS	Using polarizations ALL
2018-06-24 23:19:02	INFO	analysis::ImageRegion::fromRecord	Selected bounding box : 
2018-06-24 23:19:02	INFO	analysis::ImageRegion::fromRecord+	    [0, 0, 0, 0] to [749, 749, 0, 0]  (00:40:08.180, -50.01.22.598, I, 1e+11Hz to 00:39:52.642, -49.58.52.798, I, 1e+11Hz)
2018-06-24 23:19:02	INFO	analysis::ImageRegion::fromRecord	Selected bounding box : 
2018-06-24 23:19:02	INFO	analysis::ImageRegion::fromRecord+	    [0, 0, 0] to [749, 749, 0]  (00:40:08.180, -50.01.22.598, I to 00:39:52.642, -49.58.52.798, I)
2018-06-24 23:19:02	INFO	analysis::ImageRegion::fromRecord	Selected bounding box : 
2018-06-24 23:19:02	INFO	analysis::ImageRegion::fromRecord+	    [0, 0, 0] to [749, 749, 0]  (00:40:08.180, -50.01.22.598, I to 00:39:52.642, -49.58.52.798, I)
2018-06-24 23:19:02	INFO1	analysis::ImageHistogramsCalculator::compute	Creating new statistics storage lattice of shape [12]
2018-06-24 23:19:02	DEBUG1	analysis::ImageHistogramsCalculator::compute	Creating new histogram storage lattice
2018-06-24 23:19:02	INFO	analysis::ImageRegion::fromRecord	Selected bounding box : 
2018-06-24 23:19:02	INFO	analysis::ImageRegion::fromRecord+	    [0, 0, 0] to [749, 749, 0]  (00:40:08.180, -50.01.22.598, I to 00:39:52.642, -49.58.52.798, I)
2018-06-24 23:19:02	INFO	analysis::ImageRegion::fromRecord	Selected bounding box : 
2018-06-24 23:19:02	INFO	analysis::ImageRegion::fromRecord+	    [0, 0, 0] to [749, 749, 0]  (00:40:08.180, -50.01.22.598, I to 00:39:52.642, -49.58.52.798, I)
2018-06-24 23:19:02	INFO1	analysis::ImageHistogramsCalculator::compute	Creating new statistics storage lattice of shape [12]
2018-06-24 23:19:02	DEBUG1	analysis::ImageHistogramsCalculator::compute	Creating new histogram storage lattice
2018-06-24 23:19:02	INFO	analysis::ImageRegion::fromRecord	Selected bounding box : 
2018-06-24 23:19:02	INFO	analysis::ImageRegion::fromRecord+	    [0, 0, 0] to [749, 749, 0]  (00:40:08.180, -50.01.22.598, I to 00:39:52.642, -49.58.52.798, I)
2018-06-24 23:19:02	INFO	analysis::ImageRegion::fromRecord	Selected bounding box : 
2018-06-24 23:19:02	INFO	analysis::ImageRegion::fromRecord+	    [0, 0, 0] to [749, 749, 0]  (00:40:08.180, -50.01.22.598, I to 00:39:52.642, -49.58.52.798, I)
2018-06-24 23:19:02	INFO1	analysis::ImageHistogramsCalculator::compute	Creating new statistics storage lattice of shape [12]
2018-06-24 23:19:02	DEBUG1	analysis::ImageHistogramsCalculator::compute	Creating new histogram storage lattice
2018-06-24 23:19:03	INFO	analysis::ImageRegion::fromRecord	Selected bounding box : 
2018-06-24 23:19:03	INFO	analysis::ImageRegion::fromRecord+	    [0, 0, 0] to [749, 749, 0]  (00:40:08.180, -50.01.22.598, I to 00:39:52.642, -49.58.52.798, I)
2018-06-24 23:19:03	INFO	analysis::ImageRegion::fromRecord	Selected bounding box : 
2018-06-24 23:19:03	INFO	analysis::ImageRegion::fromRecord+	    [0, 0, 0] to [749, 749, 0]  (00:40:08.180, -50.01.22.598, I to 00:39:52.642, -49.58.52.798, I)
2018-06-24 23:19:03	INFO1	analysis::ImageHistogramsCalculator::compute	Creating new statistics storage lattice of shape [12]
2018-06-24 23:19:03	DEBUG1	analysis::ImageHistogramsCalculator::compute	Creating new histogram storage lattice
2018-06-24 23:19:03	INFO	analysis::ImageRegion::fromRecord	Selected bounding box : 
2018-06-24 23:19:03	INFO	analysis::ImageRegion::fromRecord+	    [0, 0, 0] to [749, 749, 0]  (00:40:08.180, -50.01.22.598, I to 00:39:52.642, -49.58.52.798, I)
2018-06-24 23:19:03	INFO	analysis::ImageRegion::fromRecord	Selected bounding box : 
2018-06-24 23:19:03	INFO	analysis::ImageRegion::fromRecord+	    [0, 0, 0] to [749, 749, 0]  (00:40:08.180, -50.01.22.598, I to 00:39:52.642, -49.58.52.798, I)
2018-06-24 23:19:03	INFO1	analysis::ImageHistogramsCalculator::compute	Creating new statistics storage lattice of shape [12]
2018-06-24 23:19:03	DEBUG1	analysis::ImageHistogramsCalculator::compute	Creating new histogram storage lattice
2018-06-24 23:19:03	INFO	clean::analysis::	Simulation rms: [  8.60872083e-06] Jy/pix = [ 0.00075614] Jy/bm
2018-06-24 23:19:03	INFO	clean::analysis::	Simulation max: [ 0.00050181] Jy/pix = [ 0.04407653] Jy/bm
2018-06-24 23:19:03	INFO	clean::analysis::	Beam bmaj: 1.87373149395 bmin: 1.65481317043 bpa: 23.5331573486
2018-06-24 23:19:03	INFO	analysis::name::	No table opened.
2018-06-24 23:19:03	INFO	simalma::::	##### End Task: simalma              #####
2018-06-24 23:19:03	INFO	simalma::::+	##########################################
2018-06-24 23:19:03	INFO3	utils::setconstraints	Setting constraints ...Constraints set.
2018-06-24 23:19:03	INFO3	exportfits::utils::verify	Verifying arguments....verified.
2018-06-24 23:19:03	INFO3	exportfits::utils::setconstraints	Setting constraints ...Constraints set.
2018-06-24 23:19:03	INFO	exportfits::::	
2018-06-24 23:19:03	INFO	exportfits::::+	##########################################
2018-06-24 23:19:03	INFO	exportfits::::+	##### Begin Task: exportfits         #####
2018-06-24 23:19:03	INFO	exportfits::::	exportfits(imagename="/home/stephane/Science/ALMA/ArrayConfig/imaging/entropy/simentropy/arrTarget/arrTarget.alma.cycle2.3.noisy.image",fitsimage="/home/stephane/Science/ALMA/ArrayConfig/imaging/entropy/simentropy/products/alma.cycle2.3.image.fits.0",velocity=False,optical=False,bitpix=-32,
2018-06-24 23:19:03	INFO	exportfits::::+	        minpix=0,maxpix=-1,overwrite=True,dropstokes=False,stokeslast=True,
2018-06-24 23:19:03	INFO	exportfits::::+	        history=True,dropdeg=False)
2018-06-24 23:19:03	INFO	exportfits::ImageFactory::toFITS	Applying mask of name 'mask0'
2018-06-24 23:19:03	DEBUG1	exportfits::FITSCoordinateUtil::toFITSHeader (file ../../coordinates/Coordinates/FITSCoordinateUtil.cc, line 81)	Identified axis number 2 as latitude axis for WCS. pv2_ is the keyword name.
2018-06-24 23:19:03	INFO	exportfits::::	##### End Task: exportfits           #####
2018-06-24 23:19:03	INFO	exportfits::::+	##########################################
2018-06-24 23:19:04	INFO3	utils::setconstraints	Setting constraints ...Constraints set.
2018-06-24 23:19:04	INFO3	exportfits::utils::verify	Verifying arguments....verified.
2018-06-24 23:19:04	INFO3	exportfits::utils::setconstraints	Setting constraints ...Constraints set.
2018-06-24 23:19:04	INFO	exportfits::::	
2018-06-24 23:19:04	INFO	exportfits::::+	##########################################
2018-06-24 23:19:04	INFO	exportfits::::+	##### Begin Task: exportfits         #####
2018-06-24 23:19:04	INFO	exportfits::::	exportfits(imagename="/home/stephane/Science/ALMA/ArrayConfig/imaging/entropy/simentropy/arrTarget/arrTarget.alma.cycle2.3.compskymodel.flat.regrid.conv",fitsimage="/home/stephane/Science/ALMA/ArrayConfig/imaging/entropy/simentropy/products/alma.cycle2.3.compskymodel.flat.regrid.conv.fits.0",velocity=False,optical=False,bitpix=-32,
2018-06-24 23:19:04	INFO	exportfits::::+	        minpix=0,maxpix=-1,overwrite=True,dropstokes=False,stokeslast=True,
2018-06-24 23:19:04	INFO	exportfits::::+	        history=True,dropdeg=False)
2018-06-24 23:19:04	DEBUG1	exportfits::FITSCoordinateUtil::toFITSHeader (file ../../coordinates/Coordinates/FITSCoordinateUtil.cc, line 81)	Identified axis number 2 as latitude axis for WCS. pv2_ is the keyword name.
2018-06-24 23:19:04	INFO	exportfits::::	##### End Task: exportfits           #####
2018-06-24 23:19:04	INFO	exportfits::::+	##########################################
2018-06-24 23:19:04	INFO3	utils::setconstraints	Setting constraints ...Constraints set.
2018-06-24 23:19:04	INFO3	simalma::utils::verify	Verifying arguments....verified.
2018-06-24 23:19:04	INFO3	simalma::utils::setconstraints	Setting constraints ...Constraints set.
2018-06-24 23:19:04	INFO	simalma::::	
2018-06-24 23:19:04	INFO	simalma::::+	##########################################
2018-06-24 23:19:04	INFO	simalma::::+	##### Begin Task: simalma            #####
2018-06-24 23:19:04	INFO	simalma::::	simalma(project="simRan",dryrun=False,skymodel="",inbright="",indirection="",
2018-06-24 23:19:04	INFO	simalma::::+	        incell="",incenter="",inwidth="",complist="source.cl",compwidth="200MHz",
2018-06-24 23:19:04	INFO	simalma::::+	        setpointings=True,ptgfile="$project.ptg.txt",integration="10s",direction="",mapsize="150arcsec",
2018-06-24 23:19:04	INFO	simalma::::+	        antennalist="alma.simRan0.cfg",hourangle="transit",totaltime="300s",tpnant=0,tptime="0s",
2018-06-24 23:19:04	INFO	simalma::::+	        pwv=5.0,image=True,imsize=750,imdirection="",cell="0.2arcsec",
2018-06-24 23:19:04	INFO	simalma::::+	        niter=2000,threshold="0.01mJy",graphics="both",verbose=False,overwrite=True)
2018-06-24 23:19:04	INFO	simalma::::	Project directory, 'simRan', already exists.
2018-06-24 23:19:04	INFO	simalma::::	Removing old project directory 'simRan'
2018-06-24 23:19:04	INFO3	simalma::utils::setconstraints	Setting constraints ...Constraints set.
2018-06-24 23:19:04	INFO	simalma::simutil::	============================================================
2018-06-24 23:19:04	INFO	simalma::simalma::	Checking the sky model
2018-06-24 23:19:04	INFO	simalma::simutil::	 
2018-06-24 23:19:04	INFO3	simutil::componentlist::getrefdir	Direction: [0.633158, 0.11175, -0.765913]
2018-06-24 23:19:04	INFO3	simutil::componentlist::getrefdir	Direction: [0.633034, 0.111737, -0.766018]
2018-06-24 23:19:04	INFO3	simutil::componentlist::getrefdir	Direction: [0.633059, 0.111426, -0.766042]
2018-06-24 23:19:04	INFO3	simutil::componentlist::getrefdir	Direction: [0.632803, 0.111698, -0.766214]
2018-06-24 23:19:04	INFO3	simutil::componentlist::getrefdir	Direction: [0.632966, 0.111561, -0.766099]
2018-06-24 23:19:04	INFO3	simutil::componentlist::getrefdir	Direction: [0.632789, 0.111827, -0.766207]
2018-06-24 23:19:04	INFO3	simutil::componentlist::getrefdir	Direction: [0.632844, 0.111644, -0.766188]
2018-06-24 23:19:04	INFO3	simutil::componentlist::getrefdir	Direction: [0.633221, 0.111633, -0.765878]
2018-06-24 23:19:04	INFO3	simutil::componentlist::getrefdir	Direction: [0.632931, 0.111765, -0.766098]
2018-06-24 23:19:04	INFO3	simutil::componentlist::getrefdir	Direction: [0.633145, 0.111394, -0.765976]
2018-06-24 23:19:04	INFO3	simutil::componentlist::getrefdir	Direction: [0.633225, 0.111525, -0.765891]
2018-06-24 23:19:04	INFO3	simutil::componentlist::getrefdir	Direction: [0.63314, 0.111754, -0.765928]
2018-06-24 23:19:04	INFO3	simutil::componentlist::getrefdir	Direction: [0.63293, 0.111595, -0.766124]
2018-06-24 23:19:04	INFO3	simutil::componentlist::getrefdir	Direction: [0.632896, 0.111764, -0.766127]
2018-06-24 23:19:04	INFO3	simutil::componentlist::getrefdir	Direction: [0.632938, 0.111536, -0.766126]
2018-06-24 23:19:04	INFO3	simutil::componentlist::getrefdir	Direction: [0.6329, 0.111864, -0.76611]
2018-06-24 23:19:04	INFO3	simutil::componentlist::getrefdir	Direction: [0.632922, 0.111415, -0.766157]
2018-06-24 23:19:04	INFO3	simutil::componentlist::getrefdir	Direction: [0.632902, 0.111532, -0.766157]
2018-06-24 23:19:04	INFO3	simutil::componentlist::getrefdir	Direction: [0.632768, 0.111846, -0.766222]
2018-06-24 23:19:04	INFO3	simutil::componentlist::getrefdir	Direction: [0.633253, 0.11138, -0.765888]
2018-06-24 23:19:04	INFO	simalma::simutil::	You will be simulating only from component list source.cl
2018-06-24 23:19:04	INFO	simalma::simutil::	Based on the spatial distribution of components, a sky model image will be generated with these parameters:
2018-06-24 23:19:04	INFO	simalma::simutil::	  image size          = 0.033830000deg
2018-06-24 23:19:04	INFO	simalma::simutil::	  reference direction = J2000 00:40:00.39720 -050.00.07.614000
2018-06-24 23:19:04	INFO	simalma::simutil::	and each call to simobserve will chose a skymodel cell size of 1/20 the expected PSF FWHM (to accurately locate components).
2018-06-24 23:19:04	INFO	simalma::simutil::	Simulation from components-only produces a single channel / continuum observation
2018-06-24 23:19:04	INFO	simalma::simutil::	  with bandwidth = 200MHz
2018-06-24 23:19:04	INFO	simalma::simutil::	 
2018-06-24 23:19:04	INFO	simalma::simutil::	You will be mapping an area of size 150.000000000arcsec,150.000000000arcsec
2018-06-24 23:19:04	INFO	simalma::simutil::	  primary beam size: 58.229485058arcsec
2018-06-24 23:19:04	INFO	simalma::simutil::	 
2018-06-24 23:19:04	INFO	simalma::simutil::	============================================================
2018-06-24 23:19:04	INFO	simalma::simalma::	You are requesting 1 configurations:
2018-06-24 23:19:04	INFO	simalma::readantenna::	Reading antenna positions from 'alma.simRan0.cfg'
2018-06-24 23:19:04	INFO	simalma::readantenna::	Reading antenna positions from 'alma.simRan0.cfg'
2018-06-24 23:19:04	INFO	simalma::simutil::	  
2018-06-24 23:19:04	INFO	simalma::simutil::	  alma.simRan0.cfg:
2018-06-24 23:19:04	INFO	simalma::simutil::	    12m ALMA array
2018-06-24 23:19:04	INFO	simalma::simutil::	    This is a full ALMA configuration
2018-06-24 23:19:04	INFO	simalma::simutil::	    approximate synthesized beam FWHM = 8.686313 arcsec
2018-06-24 23:19:04	INFO	simalma::simutil::	       (at zenith; the actual beam will depend on declination, hourangle, and uv coverage)
2018-06-24 23:19:04	INFO	simalma::simutil::	    Observation time = 5.000000 min
2018-06-24 23:19:04	INFO	simalma::simutil::	
2018-06-24 23:19:04	INFO	simalma::simutil::	============================================================
2018-06-24 23:19:04	INFO	simalma::simalma::	simalma calls simobserve to simulate each component:
2018-06-24 23:19:04	INFO	simalma::simutil::	
2018-06-24 23:19:04	WARN	simalma::simalma::	------------------------------------------------------------
2018-06-24 23:19:04	WARN	simalma::simalma::	Step 1: simulating 12m ALMA array
2018-06-24 23:19:04	WARN	simalma::simalma::	------------------------------------------------------------
2018-06-24 23:19:04	INFO	simalma::simutil::	simobserve(antennalist=alma.simRan0.cfg, verbose=False, incell='', leakage=0.0, overwrite=True, calflux='0Jy', integration='10s', pointingspacing='0.510929441761PB', sdant=0, complist='source.cl', direction=[''], caldirection='', t_ground=270.0, compwidth='200MHz', sdantlist='', maptype='ALMA', graphics='both', inbright='', inwidth='', skymodel='', thermalnoise='tsys-atm', totaltime='5.000000min', hourangle='transit', ptgfile='$project.ptg.txt', obsmode='int', project='simRan', indirection='', user_pwv=5.0, mapsize=['150arcsec', '150arcsec'], incenter='', setpointings=True)
2018-06-24 23:19:04	INFO3	simobserve::utils::verify	Verifying arguments....verified.
2018-06-24 23:19:04	INFO3	simobserve::utils::setconstraints	Setting constraints ...Constraints set.
2018-06-24 23:19:04	INFO3	simobserve::componentlist::getrefdir	Direction: [0.633158, 0.11175, -0.765913]
2018-06-24 23:19:04	INFO3	simobserve::componentlist::getrefdir	Direction: [0.633034, 0.111737, -0.766018]
2018-06-24 23:19:04	INFO3	simobserve::componentlist::getrefdir	Direction: [0.633059, 0.111426, -0.766042]
2018-06-24 23:19:04	INFO3	simobserve::componentlist::getrefdir	Direction: [0.632803, 0.111698, -0.766214]
2018-06-24 23:19:04	INFO3	simobserve::componentlist::getrefdir	Direction: [0.632966, 0.111561, -0.766099]
2018-06-24 23:19:04	INFO3	simobserve::componentlist::getrefdir	Direction: [0.632789, 0.111827, -0.766207]
2018-06-24 23:19:04	INFO3	simobserve::componentlist::getrefdir	Direction: [0.632844, 0.111644, -0.766188]
2018-06-24 23:19:04	INFO3	simobserve::componentlist::getrefdir	Direction: [0.633221, 0.111633, -0.765878]
2018-06-24 23:19:04	INFO3	simobserve::componentlist::getrefdir	Direction: [0.632931, 0.111765, -0.766098]
2018-06-24 23:19:04	INFO3	simobserve::componentlist::getrefdir	Direction: [0.633145, 0.111394, -0.765976]
2018-06-24 23:19:04	INFO3	simobserve::componentlist::getrefdir	Direction: [0.633225, 0.111525, -0.765891]
2018-06-24 23:19:04	INFO3	simobserve::componentlist::getrefdir	Direction: [0.63314, 0.111754, -0.765928]
2018-06-24 23:19:04	INFO3	simobserve::componentlist::getrefdir	Direction: [0.63293, 0.111595, -0.766124]
2018-06-24 23:19:04	INFO3	simobserve::componentlist::getrefdir	Direction: [0.632896, 0.111764, -0.766127]
2018-06-24 23:19:04	INFO3	simobserve::componentlist::getrefdir	Direction: [0.632938, 0.111536, -0.766126]
2018-06-24 23:19:04	INFO3	simobserve::componentlist::getrefdir	Direction: [0.6329, 0.111864, -0.76611]
2018-06-24 23:19:04	INFO3	simobserve::componentlist::getrefdir	Direction: [0.632922, 0.111415, -0.766157]
2018-06-24 23:19:04	INFO3	simobserve::componentlist::getrefdir	Direction: [0.632902, 0.111532, -0.766157]
2018-06-24 23:19:04	INFO3	simobserve::componentlist::getrefdir	Direction: [0.632768, 0.111846, -0.766222]
2018-06-24 23:19:04	INFO3	simobserve::componentlist::getrefdir	Direction: [0.633253, 0.11138, -0.765888]
2018-06-24 23:19:04	INFO	simobserve::readantenna::	Reading antenna positions from 'alma.simRan0.cfg'
2018-06-24 23:19:04	INFO	simobserve::readantenna::	Reading antenna positions from 'alma.simRan0.cfg'
2018-06-24 23:19:04	INFO	readantenna::::	Created Paged image 'simRan/simRan.alma.simRan0.compskymodel' of shape [420, 420, 1, 1] with float valued pixels.
2018-06-24 23:19:04	INFO	readantenna::ComponentImager::project	Adding components to image with units [Jy/pixel.pixel]
2018-06-24 23:19:06	INFO	readantenna::ImageFactory::fromImage	Created image 'simRan/simRan.alma.simRan0.compskymodel.flat' of shape [420, 420]
2018-06-24 23:19:06	INFO	readantenna::image::_adddegaxes 	Creating image 'simRan/simRan.alma.simRan0.compskymodel.flat' of shape [420, 420, 1]
2018-06-24 23:19:07	INFO	simobserve::simobserve::	calculating map pointings centered at J2000 00:40:00.39720 -050.00.07.614000
2018-06-24 23:19:07	INFO	simobserve::calc_pointings::	using 33 generated pointing(s)
2018-06-24 23:19:07	INFO	simobserve::simobserve::	center = J2000 00:39:59.06160 -050.00.07.614000
2018-06-24 23:19:07	INFO	simobserve::simobserve::	preparing empty measurement set
2018-06-24 23:19:07	INFO	simobserve::simobserve::	You desire an hour angle of 0.0 hours
2018-06-24 23:19:10	INFO	simobserve::NewMSSimulator::initAnt() 	Using global coordinates for the antennas
2018-06-24 23:19:10	INFO	simobserve::NewMSSimulator::initAnt() 	Added rows to ANTENNA table
2018-06-24 23:19:10	INFO	simobserve::MSsimulator::initSpWindows() 	Creating new spectral window band1, ID 1
2018-06-24 23:19:10	INFO	simobserve::MSsimulator::initFeeds() 	Added rows to FEED table
2018-06-24 23:19:10	INFO	simobserve::simulator::settimes()	Times 
2018-06-24 23:19:10	INFO	simobserve::simulator::settimes()+	     Integration time 10s
2018-06-24 23:19:10	INFO	simobserve::simulator::settimes()	     Times will be interpreted as hour angles for first source
2018-06-24 23:19:10	WARN	simobserve::simutil::	Not all pointings in the mosaic will be observed - check mosaic setup and exposure time parameters!
2018-06-24 23:19:10	INFO	simutil::NewMSSimulator::observe()	First source: simRan.alma.simRan0_0 @ 00:39:53.71   -50.01.21.99       J2000
2018-06-24 23:19:10	INFO	simutil::NewMSSimulator::observe()+	Full time range: 31-Dec-2013/22:27:22.3 -- 31-Dec-2013/22:32:22.3 TAI with int = 10
2018-06-24 23:19:10	INFO	simutil::NewMSSimulator::observe()	Calculating a total of 30 integrations
2018-06-24 23:19:10	DEBUG1	simutil::NewMSSimulator::observe()	   Field 0: simRan.alma.simRan0_0 @ 00:39:53.71   -50.01.21.99       J2000 for 1 integrations 
2018-06-24 23:19:10	DEBUG1	simutil::NewMSSimulator::observe()+	   Field 1: simRan.alma.simRan0_1 @ 00:39:53.71   -50.00.52.24       J2000 for 1 integrations 
2018-06-24 23:19:10	DEBUG1	simutil::NewMSSimulator::observe()+	   Field 2: simRan.alma.simRan0_2 @ 00:39:53.72   -50.00.22.49       J2000 for 1 integrations 
2018-06-24 23:19:10	DEBUG1	simutil::NewMSSimulator::observe()+	   Field 3: simRan.alma.simRan0_3 @ 00:39:53.72   -49.59.52.74       J2000 for 1 integrations 
2018-06-24 23:19:10	DEBUG1	simutil::NewMSSimulator::observe()+	   Field 4: simRan.alma.simRan0_4 @ 00:39:53.72   -49.59.22.99       J2000 for 1 integrations 
2018-06-24 23:19:10	DEBUG1	simutil::NewMSSimulator::observe()+	   Field 5: simRan.alma.simRan0_5 @ 00:39:53.72   -49.58.53.24       J2000 for 1 integrations 
2018-06-24 23:19:10	DEBUG1	simutil::NewMSSimulator::observe()+	   Field 6: simRan.alma.simRan0_6 @ 00:39:56.39   -50.01.07.12       J2000 for 1 integrations 
2018-06-24 23:19:10	DEBUG1	simutil::NewMSSimulator::observe()+	   Field 7: simRan.alma.simRan0_7 @ 00:39:56.39   -50.00.37.36       J2000 for 1 integrations 
2018-06-24 23:19:10	DEBUG1	simutil::NewMSSimulator::observe()+	   Field 8: simRan.alma.simRan0_8 @ 00:39:56.39   -50.00.07.61       J2000 for 1 integrations 
2018-06-24 23:19:10	DEBUG1	simutil::NewMSSimulator::observe()+	   Field 9: simRan.alma.simRan0_9 @ 00:39:56.39   -49.59.37.86       J2000 for 1 integrations 
2018-06-24 23:19:10	DEBUG1	simutil::NewMSSimulator::observe()+	   Field 10: simRan.alma.simRan0_10 @ 00:39:56.39   -49.59.08.11       J2000 for 1 integrations 
2018-06-24 23:19:10	DEBUG1	simutil::NewMSSimulator::observe()+	   Field 11: simRan.alma.simRan0_11 @ 00:39:59.06   -50.01.21.99       J2000 for 1 integrations 
2018-06-24 23:19:10	DEBUG1	simutil::NewMSSimulator::observe()+	   Field 12: simRan.alma.simRan0_12 @ 00:39:59.06   -50.00.52.24       J2000 for 1 integrations 
2018-06-24 23:19:10	DEBUG1	simutil::NewMSSimulator::observe()+	   Field 13: simRan.alma.simRan0_13 @ 00:39:59.06   -50.00.22.49       J2000 for 1 integrations 
2018-06-24 23:19:10	DEBUG1	simutil::NewMSSimulator::observe()+	   Field 14: simRan.alma.simRan0_14 @ 00:39:59.06   -49.59.52.74       J2000 for 1 integrations 
2018-06-24 23:19:10	DEBUG1	simutil::NewMSSimulator::observe()+	   Field 15: simRan.alma.simRan0_15 @ 00:39:59.06   -49.59.22.99       J2000 for 1 integrations 
2018-06-24 23:19:10	DEBUG1	simutil::NewMSSimulator::observe()+	   Field 16: simRan.alma.simRan0_16 @ 00:39:59.06   -49.58.53.24       J2000 for 1 integrations 
2018-06-24 23:19:10	DEBUG1	simutil::NewMSSimulator::observe()+	   Field 17: simRan.alma.simRan0_17 @ 00:40:01.73   -50.01.07.12       J2000 for 1 integrations 
2018-06-24 23:19:10	DEBUG1	simutil::NewMSSimulator::observe()+	   Field 18: simRan.alma.simRan0_18 @ 00:40:01.73   -50.00.37.36       J2000 for 1 integrations 
2018-06-24 23:19:10	DEBUG1	simutil::NewMSSimulator::observe()+	   Field 19: simRan.alma.simRan0_19 @ 00:40:01.73   -50.00.07.61       J2000 for 1 integrations 
2018-06-24 23:19:10	DEBUG1	simutil::NewMSSimulator::observe()+	   (continuing without printing to log -- see MS for details) 
2018-06-24 23:19:11	INFO	simutil::Simulator::setdata() 	Selecting data
2018-06-24 23:19:11	INFO	simutil::Simulator::setdata() 	Performing selection on MeasurementSet
2018-06-24 23:19:11	INFO	simutil::Simulator::setdata() 	Selecting on field and spectral window ids
2018-06-24 23:19:11	INFO	simutil::Simulator::setdata() 	No selection string given
2018-06-24 23:19:11	INFO	simutil::Simulator::setdata() 	Selection did not drop any rows
2018-06-24 23:19:11	INFO	simutil::Simulator::setvp()	Setting voltage pattern parameters
2018-06-24 23:19:11	INFO	simutil::Simulator::setvp()	Beam Squint will be included in the VP model
2018-06-24 23:19:11	INFO	simutil::Simulator::setvp()	and the parallactic angle increment is 360 degrees
2018-06-24 23:19:11	INFO	simobserve::simobserve::	done setting up observations (blank visibilities)
2018-06-24 23:19:11	INFO	simobserve::simobserve::	predicting from source.cl
2018-06-24 23:19:11	INFO	simobserve::Simulator::predict() 	Predicting visibilities using model: [] and componentList: source.cl
2018-06-24 23:19:11	INFO	simobserve::Simulator::predict() 	The data column will be replaced
2018-06-24 23:19:11	INFO	simobserve::Simulator::getVPRecord 	Using Voltage Patterns from the VPManager
2018-06-24 23:19:11	INFO	simobserve::Simulator::createSkyEquation() 	Synthesis gridding 
2018-06-24 23:19:11	INFO	simobserve::Simulator::createSkyEquation() 	Fourier transforms will use image centers as tangent points
2018-06-24 23:19:11	INFO	simobserve::VPSkyJones::VPSkyJones	PB used ALMA
2018-06-24 23:19:11	INFO	simobserve::BeamSkyJones::summary	Beam Summary: 
2018-06-24 23:19:11	INFO	simobserve::BeamSkyJones::summary	Model 1 for ALMA ant=-1 feed=-1 uses PB: AIRY
2018-06-24 23:19:11	INFO	simobserve::PBMath1D::summary	Using AIRY PB Class 
2018-06-24 23:19:11	INFO	simobserve::PBMathInterface::summary	These parameters are for Voltage Pattern
2018-06-24 23:19:11	INFO	simobserve::PBMathInterface::summary	No Beam Squint
2018-06-24 23:19:11	INFO	simobserve::PBMath1D::summary	Max Radius at 1 GHz: 107.04 arcmin 
2018-06-24 23:19:11	INFO	simobserve::PBMath1DAiry::summary	   Dish Diameter: 10.7 m 
2018-06-24 23:19:11	INFO	simobserve::PBMath1DAiry::summary	Blocked Diameter: 0.75 m 
2018-06-24 23:19:12	INFO	simobserve::Simulator::reset() 	Resetting all visibility corruption components
2018-06-24 23:19:12	INFO	simobserve::Simulator::reset() 	Reset all image-plane corruption components
2018-06-24 23:19:13	INFO	simobserve::simobserve::	generation of measurement set simRan/simRan.alma.simRan0.ms complete
2018-06-24 23:19:13	INFO	simobserve::::	Epoch: 56657::10:29:58.8551
2018-06-24 23:19:13	INFO	simobserve::::+	Epoch: 56657::10:44:58.8551
2018-06-24 23:19:13	INFO	simobserve::::+	Epoch: 56657::10:59:58.8551
2018-06-24 23:19:13	INFO	simobserve::::+	Epoch: 56657::11:14:58.8551
2018-06-24 23:19:13	INFO	simobserve::::+	Epoch: 56657::11:29:58.8551
2018-06-24 23:19:13	INFO	simobserve::::+	Epoch: 56657::11:44:58.8551
2018-06-24 23:19:13	INFO	simobserve::::+	Epoch: 56657::11:59:58.8551
2018-06-24 23:19:13	INFO	simobserve::::+	Epoch: 56657::12:14:58.8551
2018-06-24 23:19:13	INFO	simobserve::::+	Epoch: 56657::12:29:58.8551
2018-06-24 23:19:13	INFO	simobserve::::+	Epoch: 56657::12:44:58.8551
2018-06-24 23:19:13	INFO	simobserve::::+	Epoch: 56657::12:59:58.8551
2018-06-24 23:19:13	INFO	simobserve::::+	Epoch: 56657::13:14:58.8551
2018-06-24 23:19:13	INFO	simobserve::::+	Epoch: 56657::13:29:58.8551
2018-06-24 23:19:13	INFO	simobserve::::+	Epoch: 56657::13:44:58.8551
2018-06-24 23:19:13	INFO	simobserve::::+	Epoch: 56657::13:59:58.8551
2018-06-24 23:19:13	INFO	simobserve::::+	Epoch: 56657::14:14:58.8551
2018-06-24 23:19:13	INFO	simobserve::::+	Epoch: 56657::14:29:58.8551
2018-06-24 23:19:13	INFO	simobserve::::+	Epoch: 56657::14:44:58.8551
2018-06-24 23:19:13	INFO	simobserve::::+	Epoch: 56657::14:59:58.8551
2018-06-24 23:19:13	INFO	simobserve::::+	Epoch: 56657::15:14:58.8551
2018-06-24 23:19:13	INFO	simobserve::::+	Epoch: 56657::15:29:58.8551
2018-06-24 23:19:13	INFO	simobserve::::+	Epoch: 56657::15:44:58.8551
2018-06-24 23:19:13	INFO	simobserve::::+	Epoch: 56657::15:59:58.8551
2018-06-24 23:19:13	INFO	simobserve::::+	Epoch: 56657::16:14:58.8551
2018-06-24 23:19:13	INFO	simobserve::::+	Epoch: 56657::16:29:58.8551
2018-06-24 23:19:13	INFO	simobserve::::+	Epoch: 56657::16:44:58.8551
2018-06-24 23:19:13	INFO	simobserve::::+	Epoch: 56657::16:59:58.8551
2018-06-24 23:19:13	INFO	simobserve::::+	Epoch: 56657::17:14:58.8551
2018-06-24 23:19:13	INFO	simobserve::::+	Epoch: 56657::17:29:58.8551
2018-06-24 23:19:13	INFO	simobserve::::+	Epoch: 56657::17:44:58.8551
2018-06-24 23:19:13	INFO	simobserve::::+	Epoch: 56657::17:59:58.8551
2018-06-24 23:19:13	INFO	simobserve::::+	Epoch: 56657::18:14:58.8551
2018-06-24 23:19:13	INFO	simobserve::::+	Epoch: 56657::18:29:58.8551
2018-06-24 23:19:13	INFO	simobserve::::+	Epoch: 56657::18:44:58.8551
2018-06-24 23:19:13	INFO	simobserve::::+	Epoch: 56657::18:59:58.8551
2018-06-24 23:19:13	INFO	simobserve::::+	Epoch: 56657::19:14:58.8551
2018-06-24 23:19:13	INFO	simobserve::::+	Epoch: 56657::19:29:58.8551
2018-06-24 23:19:13	INFO	simobserve::::+	Epoch: 56657::19:44:58.8551
2018-06-24 23:19:13	INFO	simobserve::::+	Epoch: 56657::19:59:58.8551
2018-06-24 23:19:13	INFO	simobserve::::+	Epoch: 56657::20:14:58.8551
2018-06-24 23:19:13	INFO	simobserve::::+	Epoch: 56657::20:29:58.8551
2018-06-24 23:19:13	INFO	simobserve::::+	Epoch: 56657::20:44:58.8551
2018-06-24 23:19:13	INFO	simobserve::::+	Epoch: 56657::20:59:58.8551
2018-06-24 23:19:13	INFO	simobserve::::+	Epoch: 56657::21:14:58.8551
2018-06-24 23:19:13	INFO	simobserve::::+	Epoch: 56657::21:29:58.8551
2018-06-24 23:19:13	INFO	simobserve::::+	Epoch: 56657::21:44:58.8551
2018-06-24 23:19:13	INFO	simobserve::::+	Epoch: 56657::21:59:58.8551
2018-06-24 23:19:13	INFO	simobserve::::+	Epoch: 56657::22:14:58.8551
2018-06-24 23:19:13	INFO	simobserve::::+	Epoch: 56657::22:29:58.8551
2018-06-24 23:19:13	INFO	simobserve::::+	Epoch: 56657::22:44:58.8551
2018-06-24 23:19:13	INFO	simobserve::::+	Epoch: 56657::22:59:58.8551
2018-06-24 23:19:13	INFO	simobserve::::+	Epoch: 56657::23:14:58.8551
2018-06-24 23:19:13	INFO	simobserve::::+	Epoch: 56657::23:29:58.8551
2018-06-24 23:19:13	INFO	simobserve::::+	Epoch: 56657::23:44:58.8551
2018-06-24 23:19:13	INFO	simobserve::::+	Epoch: 56657::23:59:58.8551
2018-06-24 23:19:13	INFO	simobserve::::+	Epoch: 56658::00:14:58.8551
2018-06-24 23:19:13	INFO	simobserve::::+	Epoch: 56658::00:29:58.8551
2018-06-24 23:19:13	INFO	simobserve::::+	Epoch: 56658::00:44:58.8551
2018-06-24 23:19:13	INFO	simobserve::::+	Epoch: 56658::00:59:58.8551
2018-06-24 23:19:13	INFO	simobserve::::+	Epoch: 56658::01:14:58.8551
2018-06-24 23:19:13	INFO	simobserve::::+	Epoch: 56658::01:29:58.8551
2018-06-24 23:19:13	INFO	simobserve::::+	Epoch: 56658::01:44:58.8551
2018-06-24 23:19:13	INFO	simobserve::::+	Epoch: 56658::01:59:58.8551
2018-06-24 23:19:13	INFO	simobserve::::+	Epoch: 56658::02:14:58.8551
2018-06-24 23:19:13	INFO	simobserve::::+	Epoch: 56658::02:29:58.8551
2018-06-24 23:19:13	INFO	simobserve::::+	Epoch: 56658::02:44:58.8551
2018-06-24 23:19:13	INFO	simobserve::::+	Epoch: 56658::02:59:58.8551
2018-06-24 23:19:13	INFO	simobserve::::+	Epoch: 56658::03:14:58.8551
2018-06-24 23:19:13	INFO	simobserve::::+	Epoch: 56658::03:29:58.8551
2018-06-24 23:19:13	INFO	simobserve::::+	Epoch: 56658::03:44:58.8551
2018-06-24 23:19:13	INFO	simobserve::::+	Epoch: 56658::03:59:58.8551
2018-06-24 23:19:13	INFO	simobserve::::+	Epoch: 56658::04:14:58.8551
2018-06-24 23:19:13	INFO	simobserve::::+	Epoch: 56658::04:29:58.8551
2018-06-24 23:19:13	INFO	simobserve::::+	Epoch: 56658::04:44:58.8551
2018-06-24 23:19:13	INFO	simobserve::::+	Epoch: 56658::04:59:58.8551
2018-06-24 23:19:13	INFO	simobserve::::+	Epoch: 56658::05:14:58.8551
2018-06-24 23:19:13	INFO	simobserve::::+	Epoch: 56658::05:29:58.8551
2018-06-24 23:19:13	INFO	simobserve::::+	Epoch: 56658::05:44:58.8551
2018-06-24 23:19:13	INFO	simobserve::::+	Epoch: 56658::05:59:58.8551
2018-06-24 23:19:13	INFO	simobserve::::+	Epoch: 56658::06:14:58.8551
2018-06-24 23:19:13	INFO	simobserve::::+	Epoch: 56658::06:29:58.8551
2018-06-24 23:19:13	INFO	simobserve::::+	Epoch: 56658::06:44:58.8551
2018-06-24 23:19:13	INFO	simobserve::::+	Epoch: 56658::06:59:58.8551
2018-06-24 23:19:13	INFO	simobserve::::+	Epoch: 56658::07:14:58.8551
2018-06-24 23:19:13	INFO	simobserve::::+	Epoch: 56658::07:29:58.8551
2018-06-24 23:19:13	INFO	simobserve::::+	Epoch: 56658::07:44:58.8551
2018-06-24 23:19:13	INFO	simobserve::::+	Epoch: 56658::07:59:58.8551
2018-06-24 23:19:13	INFO	simobserve::::+	Epoch: 56658::08:14:58.8551
2018-06-24 23:19:13	INFO	simobserve::::+	Epoch: 56658::08:29:58.8551
2018-06-24 23:19:13	INFO	simobserve::::+	Epoch: 56658::08:44:58.8551
2018-06-24 23:19:13	INFO	simobserve::::+	Epoch: 56658::08:59:58.8551
2018-06-24 23:19:13	INFO	simobserve::::+	Epoch: 56658::09:14:58.8551
2018-06-24 23:19:13	INFO	simobserve::::+	Epoch: 56658::09:29:58.8551
2018-06-24 23:19:13	INFO	simobserve::::+	Epoch: 56658::09:44:58.8551
2018-06-24 23:19:13	INFO	simobserve::::+	Epoch: 56658::09:59:58.8551
2018-06-24 23:19:13	INFO	simobserve::::+	Epoch: 56658::10:14:58.8551
2018-06-24 23:19:13	INFO	simobserve::::+	Position: [1761.87, -4307.63, -1977.71]
2018-06-24 23:19:13	INFO	simobserve::::+	Epoch: 56658::00:00:00.0000
2018-06-24 23:19:13	INFO	simobserve::::+	Epoch: 56657::22:29:58.8551
2018-06-24 23:19:13	INFO	simobserve::::+	LAST of rise= 16:40:11.14
2018-06-24 23:19:13	INFO	simobserve::::	LAST of  set= 08:41:07.86
2018-06-24 23:19:13	INFO	simobserve::::	UTC of rise= 2013/12/31/14:30:29
2018-06-24 23:19:13	INFO	simobserve::::+	UTC of  set= 2014/01/01/06:28:48
2018-06-24 23:19:13	INFO	simobserve::ephemeris::	peak=31-Dec-2013/22:29:59
2018-06-24 23:19:13	INFO	simobserve::Imager::open() 	Opening MeasurementSet /home/stephane/Science/ALMA/ArrayConfig/imaging/entropy/simentropy/simRan/simRan.alma.simRan0.ms
2018-06-24 23:19:13	INFO	simobserve::simobserve::	using default model cell {'value': 0.434315645699, 'unit': 'arcsec'} for PSF calculation
2018-06-24 23:19:13	INFO	simobserve::imager::defineimage()	Defining image properties:nx=576 ny=576 cellx='0.434316arcsec' celly='0.434316arcsec' stokes=I' mode=MFS nchan=-1 start=0 step=0 spwids=[0] fieldid=0 facets=1 frame=1 distance='0'
2018-06-24 23:19:13	INFO	simobserve::imager::defineimage()	 phaseCenter='field-0 ' mStart='Radialvelocity: 0' qStep='0 '' mFreqStart='Frequency: 0
2018-06-24 23:19:13	INFO	simobserve::imager::approximatepsfs() 	Calculating approximate PSFs using full sky equation
2018-06-24 23:19:13	DEBUG1	simobserve::imager::make() (file ../../synthesis/MeasurementEquations/Imager.cc, line 6296)	Making empty image: simRan/simRan.alma.simRan0.quick.psf
2018-06-24 23:19:13	DEBUG1	simobserve::Imager::imagecoordinates() (file ../../synthesis/MeasurementEquations/Imager2.cc, line 246)	Using observatory location of ALMA: WGS84 [1761.87, -4307.63, -1977.71] m
2018-06-24 23:19:13	INFO3	simobserve::Imager::imagecoordinates() (file ../../synthesis/MeasurementEquations/Imager2.cc, line 246)	Center frequency = 100 GHz, synthesized continuum bandwidth = 0.2 GHz
2018-06-24 23:19:13	DEBUG1	simobserve::Imager::imagecoordinates() (file ../../synthesis/MeasurementEquations/Imager2.cc, line 246)	Preferred polarization representation is linear
2018-06-24 23:19:14	DEBUG1	simobserve::imager::createSkyEquation() (file ../../synthesis/MeasurementEquations/Imager2.cc, line 3141)	Preferred polarization representation is linear
2018-06-24 23:19:14	DEBUG1	simobserve::imager::createSkyEquation() (file ../../synthesis/MeasurementEquations/Imager2.cc, line 3141)	Data PolRep in Imager2.cc::createSkyEquation : 1
2018-06-24 23:19:14	INFO	simobserve::imager::createFTMachine() 	Performing interferometric gridding...
2018-06-24 23:19:14	INFO1	simobserve::imager::createFTMachine() (file ../../synthesis/MeasurementEquations/Imager2.cc, line 2498)	...with convolution function SF
2018-06-24 23:19:14	DEBUG1	simobserve::imager::createFTMachine() (file ../../synthesis/MeasurementEquations/Imager2.cc, line 2498)	Single facet Fourier transforms will use image center as tangent points
2018-06-24 23:19:14	INFO	simobserve::ImageSkyModel::makeApproxPSFs	bmaj: 32.7324", bmin: 4.14812", bpa: 8.12582 deg
2018-06-24 23:19:14	INFO	simobserve::imager::approximatepsfs() 	Approximate PSF  : size 32.7324 by 4.14812 (arcsec) at pa 8.12582 (deg)
2018-06-24 23:19:14	INFO	simobserve::imager::approximatepsfs() +	and volume = -160.695 pixels 
2018-06-24 23:19:14	INFO	simobserve::imager::fitpsf() 	Fitting to psf
2018-06-24 23:19:14	INFO	simobserve::imager::fitpsf() 	  Beam fit: 32.7324 by 4.14812 (arcsec) at pa 8.12582 (deg) 
2018-06-24 23:19:14	INFO3	simobserve::im::close	Flushing data to disk and detaching from file.
2018-06-24 23:19:14	INFO	simobserve::CasacRegionManager::fromBCS	No directional region specified. Using full positional plane.
2018-06-24 23:19:14	INFO	simobserve::CasacRegionManager::fromBCS	Using all spectral channels.
2018-06-24 23:19:14	INFO	simobserve::CasacRegionManager::fromBCS	Using polarizations ALL
2018-06-24 23:19:14	INFO	simobserve::ImageRegion::fromRecord	Selected bounding box : 
2018-06-24 23:19:14	INFO	simobserve::ImageRegion::fromRecord+	    [0, 0, 0, 0] to [575, 575, 0, 0]  (00:40:06.702, -50.03.27.029, I, 1e+11Hz to 00:39:40.789, -49.59.17.298, I, 1e+11Hz)
2018-06-24 23:19:15	INFO	simobserve::noise::	copying simRan/simRan.alma.simRan0.ms to simRan/simRan.alma.simRan0.noisy.ms and adding thermal noise
2018-06-24 23:19:15	INFO	simobserve::noise::	interpolated receiver temp=45
2018-06-24 23:19:15	INFO	noise::NewMSSimulator::NewMSSimulator(MeasurementSet& theMS) 	Opening MeasurementSet /home/stephane/Science/ALMA/ArrayConfig/imaging/entropy/simentropy/simRan/simRan.alma.simRan0.noisy.ms with 300 rows
2018-06-24 23:19:15	INFO	noise::NewMSSimulator::NewMSSimulator(MeasurementSet& theMS) 	   last spectral window ID = 1
2018-06-24 23:19:15	INFO	noise::Simulator::setdata() 	Selecting data
2018-06-24 23:19:15	INFO	noise::Simulator::setdata() 	Performing selection on MeasurementSet
2018-06-24 23:19:15	INFO	noise::Simulator::setdata() 	Selecting on spectral window id
2018-06-24 23:19:15	INFO	noise::Simulator::setdata() 	No selection string given
2018-06-24 23:19:15	INFO	noise::Simulator::setdata() 	Selection did not drop any rows
2018-06-24 23:19:15	INFO	noise::Simulator::create_corrupt() 	Creating A NOISE Calibration structure for data corruption.
2018-06-24 23:19:15	DEBUG1	noise::SVC[A Noise]::setSimulate() (file ../../synthesis/MeasurementComponents/SolvableVisCal.cc, line 627)	 using OTF simulation
2018-06-24 23:19:15	INFO	noise::SVC::sizeUpSim() 	For simint = integration, found 1 solution intervals.
2018-06-24 23:19:15	DEBUG1	noise::SVC::sizeUpSim() (file ../../synthesis/MeasurementComponents/SolvableVisCal.cc, line 1904)	spw 0 nPar=2nChanPar=1 nElem=15
2018-06-24 23:19:15	DEBUG1	noise::SVC[A Noise]::setSimulate() (file ../../synthesis/MeasurementComponents/SolvableVisCal.cc, line 627)	 number of spw in VI (checking validity of mscolumns) = 1
2018-06-24 23:19:15	DEBUG1	noise::SVC[A Noise]::setSimulate() (file ../../synthesis/MeasurementComponents/SolvableVisCal.cc, line 627)	 number of spw in VI (after resetting to origin = 1
2018-06-24 23:19:15	INFO	noise::SVC[A Noise]::setSimulate() 	calTable name not set - not writing to disk (note: OTF sim - not creating Calset either)
2018-06-24 23:19:15	INFO	noise::Simulator::setnoise2() 	adding noise with the sensitivity constant of 1/sqrt(2)
2018-06-24 23:19:15	INFO	noise::Simulator::setnoise2() 	User has not set ground pressure, using 560mb
2018-06-24 23:19:15	INFO	noise::Simulator::setnoise2() 	User has not set site altitude, using 5000m
2018-06-24 23:19:15	INFO	noise::Simulator::setnoise2() 	User has not set water scale height, using 2km
2018-06-24 23:19:15	INFO	noise::Simulator::create_corrupt() 	Creating TF NOISE Calibration structure for data corruption.
2018-06-24 23:19:15	INFO	noise::SVC::sizeUpSim() 	For simint = integration, found 30 solution intervals.
2018-06-24 23:19:15	DEBUG1	noise::SVC::sizeUpSim() (file ../../synthesis/MeasurementComponents/SolvableVisCal.cc, line 1904)	spw 0 nPar=1nChanPar=1 nElem=5
2018-06-24 23:19:15	DEBUG1	noise::SVC::sizeUpSim() (file ../../synthesis/MeasurementComponents/SolvableVisCal.cc, line 1904)	 solveCPar shape = [1, 1, 5]
2018-06-24 23:19:15	DEBUG1	noise::SVC[Tf Jones]::setSimulate() (file ../../synthesis/MeasurementComponents/SolvableVisCal.cc, line 627)	 number of spw in VI (checking validity of mscolumns) = 1
2018-06-24 23:19:15	DEBUG1	noise::SVC[Tf Jones]::setSimulate() (file ../../synthesis/MeasurementComponents/SolvableVisCal.cc, line 627)	 number of spw in VI (after resetting to origin = 1
2018-06-24 23:19:15	DEBUG1	noise::AtmCorr::initAtm (file ../../synthesis/MeasurementComponents/CalCorruptor.cc, line 369)	 defining observatory ground characteristics..
2018-06-24 23:19:15	INFO	noise::AtmCorr::initAtm 	Initializing ATM
2018-06-24 23:19:15	INFO	noise::AtmCorr::initAtm 	altitude=5000m, Pground=560mb, Tground=270K, humidity= 20%, water scale height=2000m
2018-06-24 23:19:15	INFO	noise::AtmCorr::initAtm 	Spectral window 100(ch 5/10)
2018-06-24 23:19:15	INFO	noise::AtmCorr::initAtm 	After setting WH2O to 5
2018-06-24 23:19:15	INFO	noise::AtmCorr::initAtm 	Dry and Wet Opacity from RefractiveIndexProfile = 0.0111715, 0.0353835 at 100 GHz (ch0)
2018-06-24 23:19:15	INFO	noise::AtmCorr::initAtm 	Dry and Wet Opacity from SkyStatus              = 0.0111715, 0.0353835
2018-06-24 23:19:15	INFO	noise::AtmCorr::initAtm 	Sky plus ground and CMB Brightness Temp across Spw 0, for spill=0.95 Tground=270 pwv=5
2018-06-24 23:19:15	INFO	noise::AtmCorr::initAtm 	 Zenith Tebb[99.9,100,100.08]=[27.5747,27.6059,27.6344]
2018-06-24 23:19:15	INFO	noise::AtmCorr::init(vi,par,type) 	Zenith Tsys at center of first Spectral Window = 73.6237 tground=270 spillover=0.95
2018-06-24 23:19:15	INFO	noise::AtmCorr::init(vi,par,type) 	 pwv=5 tau=0.046555(ch0)
2018-06-24 23:19:15	DEBUG1	noise::AtmCorr::init(vi,par,type) (file ../../synthesis/MeasurementComponents/CalCorruptor.cc, line 616)	 noise ~ 6.17405e+06*Tsys/D^2/sqrt(dnu dt)/Nant
2018-06-24 23:19:15	INFO	noise::SVC[Tf Jones]::setSimulate() 	Calculating corruption terms for simulated Tf Jones: output table=simRan/simRan.alma.simRan0.noisy.T.cal simint=integration t=0
2018-06-24 23:19:15	INFO	noise::SVC[Tf Jones]::setSimulate() 	Writing calTable = simRan/simRan.alma.simRan0.noisy.T.cal (Tf Jones)
2018-06-24 23:19:15	INFO	noise::::	Writing solutions to table: simRan/simRan.alma.simRan0.noisy.T.cal
2018-06-24 23:19:17	INFO	noise::Simulator::corrupt() 	Doing visibility corruption.
2018-06-24 23:19:17	INFO	noise::Simulator::corrupt() 	simulated A Noise: output table=<none> simint=integration t=0spwok = [1] in correct mode.
2018-06-24 23:19:17	INFO	noise::Simulator::corrupt() 	simulated Tf Jones: output table=simRan/simRan.alma.simRan0.noisy.T.cal simint=integration t=0spwok = [1] in corrupt mode.
2018-06-24 23:19:17	INFO	noise::Simulator::reset() 	Resetting all visibility corruption components
2018-06-24 23:19:17	INFO	noise::Simulator::reset() 	Reset all image-plane corruption components
2018-06-24 23:19:17	INFO	simalma::simutil::	 
2018-06-24 23:19:17	INFO	simalma::simalma::	------------------------------------------------------------
2018-06-24 23:19:17	INFO	simalma::simalma::	Step 2: imaging and analyzing alma.simRan0.cfg
2018-06-24 23:19:17	WARN	simalma::simalma::	  This step is optional, but useful to assess the result from just one configuration.
2018-06-24 23:19:17	WARN	simalma::simalma::	  WARNING: The example clean shown here uses no mask, may diverge, and almost certainly is not optimal.
2018-06-24 23:19:17	WARN	simalma::simalma::	  Users are HIGHLY recommended to use interactive clean masking (in simanalyze or directly in clean)
2018-06-24 23:19:17	WARN	simalma::simalma::	  Auto-masking is under development for use in the ALMA pipeline and will be included here in a future release
2018-06-24 23:19:17	INFO	simalma::simalma::	------------------------------------------------------------
2018-06-24 23:19:17	INFO	simalma::simutil::	simanalyze(cell='0.2arcsec', analyze=True, dryrun=False, verbose=False, niter=2000, stokes='I', image=True, outertaper=[], mask=[], project='simRan', vis='simRan.alma.simRan0.noisy.ms', logfile='simRan/simRan.simalma.report.txt', imdirection='J2000 00:40:00.39720 -050.00.07.614000', graphics='both', threshold='0.01mJy', weighting='briggs', modelimage='', overwrite=True, imsize=[750])
2018-06-24 23:19:17	INFO3	simanalyze::utils::verify	Verifying arguments....verified.
2018-06-24 23:19:17	INFO3	simanalyze::utils::setconstraints	Setting constraints ...Constraints set.
2018-06-24 23:19:17	INFO	simanalyze::simanalyze::	Found a synthesis measurement set, simRan/simRan.alma.simRan0.noisy.ms.
2018-06-24 23:19:17	INFO	simanalyze::simanalyze::	Sky model image simRan/simRan.alma.simRan0.compskymodel found.
2018-06-24 23:19:17	INFO	simanalyze::simutil::	clean(vis='simRan/simRan.alma.simRan0.noisy.ms',imagename='simRan/simRan.alma.0.noisy',niter=2000,threshold='0.01mJy',psfmode='clark',imagermode='mosaic',ftmachine='mosaic',mask=[],imsize=[750, 750],cell=['0.2arcsec','0.2arcsec'],phasecenter='J2000 00:40:00.39720 -050.00.07.614000',weighting='briggs',robust=0.5,uvtaper=False,pbcor=True)
2018-06-24 23:19:26	INFO	ImageFactory::fromImage	Created image 'simRan/simRan.alma.0.noisy.image.flat' of shape [750, 750]
2018-06-24 23:19:26	INFO	image::_adddegaxes 	Creating image 'simRan/simRan.alma.0.noisy.image.flat' of shape [750, 750, 1]
2018-06-24 23:19:27	INFO	ImageFactory::fromImage	Created image 'simRan/simRan.alma.0.noisy.residual.flat' of shape [750, 750]
2018-06-24 23:19:27	INFO	image::_adddegaxes 	Creating image 'simRan/simRan.alma.0.noisy.residual.flat' of shape [750, 750, 1]
2018-06-24 23:19:28	INFO	clean::simanalyze::	done inverting and cleaning
2018-06-24 23:19:28	INFO	clean::simanalyze::	synthesized beam area in output pixels = 3453.632705
2018-06-24 23:19:28	INFO	simanalyze::BeamManipulator::set	Setting (global) restoring beam.
2018-06-24 23:19:28	INFO	simanalyze::BeamManipulator::set	Beam parameters:  Major          : 28.5797 arcsec
2018-06-24 23:19:28	INFO	simanalyze::BeamManipulator::set+	  Minor          : 4.26589 arcsec
2018-06-24 23:19:28	INFO	simanalyze::BeamManipulator::set+	  Position Angle : 7.34831 deg
2018-06-24 23:19:28	INFO	simanalyze::CasacRegionManager::fromBCS	No directional region specified. Using full positional plane.
2018-06-24 23:19:28	INFO	simanalyze::CasacRegionManager::fromBCS	Using polarizations ALL
2018-06-24 23:19:28	INFO	simanalyze::ImageMaskAttacher::makeMask	Created and initialized mask `mask0'
2018-06-24 23:19:28	INFO	simanalyze::ImageRegrid::_checkAxes 	The Stokes axis cannot be regridded - removing from list
2018-06-24 23:19:28	INFO	simanalyze::ImageRegrid::regrid 	Applying Jy/pixel scale factor of 0.212055
2018-06-24 23:19:29	INFO	simanalyze::SubImageFactory::createImage	Creating image 'simRan/simRan.alma.simRan0.compskymodel.flat.regrid.tmp' of shape [750, 750, 1]
2018-06-24 23:19:29	INFO	simanalyze::ImageExprCalculator::_imagecalc	Creating image `simRan/simRan.alma.simRan0.compskymodel.flat.regrid' of shape [750, 750, 1]
2018-06-24 23:19:30	INFO	simanalyze::Image2DConvolver::_dealWithRestoringBeam	You are convolving the sky
2018-06-24 23:19:30	INFO	simanalyze::Image2DConvolver::_dealWithRestoringBeam	Scaling pixel values by 1
2018-06-24 23:19:30	INFO	simanalyze::Image2DConvolver::_dealWithRestoringBeam	Original /home/stephane/Science/ALMA/ArrayConfig/imaging/entropy/simentropy/simRan/simRan.alma.simRan0.compskymodel.flat.regrid resolution major: 28.5797 arcsec, minor: 4.26589 arcsec, pa: 7.34831 deg
2018-06-24 23:19:30	INFO	simanalyze::Image2DConvolver::_dealWithRestoringBeam	Output simRan/simRan.alma.simRan0.compskymodel.flat.regrid.conv resolution major: 28.5797 arcsec, minor: 4.26589 arcsec, pa: 7.34831 deg
2018-06-24 23:19:31	INFO	simanalyze::SubImageFactory::createImage	Creating image 'simRan/simRan.alma.simRan0.compskymodel.flat.regrid.conv' of shape [750, 750, 1]
2018-06-24 23:19:31	INFO	simanalyze::BeamManipulator::set	Setting (global) restoring beam.
2018-06-24 23:19:31	INFO	simanalyze::BeamManipulator::set	Beam parameters:  Major          : 28.5797 arcsec
2018-06-24 23:19:31	INFO	simanalyze::BeamManipulator::set+	  Minor          : 4.26589 arcsec
2018-06-24 23:19:31	INFO	simanalyze::BeamManipulator::set+	  Position Angle : 7.34831 deg
2018-06-24 23:19:31	INFO	simanalyze::ImageRegion::fromRecord	Selected bounding box : 
2018-06-24 23:19:31	INFO	simanalyze::ImageRegion::fromRecord+	    [0, 0, 0] to [749, 749, 0]  (00:40:08.180, -50.01.22.598, I to 00:39:52.642, -49.58.52.798, I)
2018-06-24 23:19:31	INFO	simanalyze::ImageRegion::fromRecord	Selected bounding box : 
2018-06-24 23:19:31	INFO	simanalyze::ImageRegion::fromRecord+	    [0, 0, 0] to [749, 749, 0]  (00:40:08.180, -50.01.22.598, I to 00:39:52.642, -49.58.52.798, I)
2018-06-24 23:19:31	INFO1	simanalyze::ImageHistogramsCalculator::compute	Creating new statistics storage lattice of shape [12]
2018-06-24 23:19:31	DEBUG1	simanalyze::ImageHistogramsCalculator::compute	Creating new histogram storage lattice
2018-06-24 23:19:31	INFO	simanalyze::ImageRegion::fromRecord	Selected bounding box : 
2018-06-24 23:19:31	INFO	simanalyze::ImageRegion::fromRecord+	    [0, 0, 0] to [749, 749, 0]  (00:40:08.180, -50.01.22.598, I to 00:39:52.642, -49.58.52.798, I)
2018-06-24 23:19:31	INFO	simanalyze::ImageRegion::fromRecord	Selected bounding box : 
2018-06-24 23:19:31	INFO	simanalyze::ImageRegion::fromRecord+	    [0, 0, 0] to [749, 749, 0]  (00:40:08.180, -50.01.22.598, I to 00:39:52.642, -49.58.52.798, I)
2018-06-24 23:19:31	INFO1	simanalyze::ImageHistogramsCalculator::compute	Creating new statistics storage lattice of shape [12]
2018-06-24 23:19:31	DEBUG1	simanalyze::ImageHistogramsCalculator::compute	Creating new histogram storage lattice
2018-06-24 23:19:31	INFO	simanalyze::ImageRegion::fromRecord	Selected bounding box : 
2018-06-24 23:19:31	INFO	simanalyze::ImageRegion::fromRecord+	    [0, 0, 0] to [749, 749, 0]  (00:40:08.180, -50.01.22.598, I to 00:39:52.642, -49.58.52.798, I)
2018-06-24 23:19:31	INFO	simanalyze::ImageRegion::fromRecord	Selected bounding box : 
2018-06-24 23:19:31	INFO	simanalyze::ImageRegion::fromRecord+	    [0, 0, 0] to [749, 749, 0]  (00:40:08.180, -50.01.22.598, I to 00:39:52.642, -49.58.52.798, I)
2018-06-24 23:19:31	INFO1	simanalyze::ImageHistogramsCalculator::compute	Creating new statistics storage lattice of shape [12]
2018-06-24 23:19:31	DEBUG1	simanalyze::ImageHistogramsCalculator::compute	Creating new histogram storage lattice
2018-06-24 23:19:32	INFO	clean::statim::	simRan/simRan.alma.0.noisy.residual.flat: unknown units
2018-06-24 23:19:32	INFO	statim::ImageRegion::fromRecord	Selected bounding box : 
2018-06-24 23:19:32	INFO	statim::ImageRegion::fromRecord+	    [0, 0, 0] to [749, 749, 0]  (00:40:08.180, -50.01.22.598, I to 00:39:52.642, -49.58.52.798, I)
2018-06-24 23:19:32	INFO	statim::ImageRegion::fromRecord	Selected bounding box : 
2018-06-24 23:19:32	INFO	statim::ImageRegion::fromRecord+	    [0, 0, 0] to [749, 749, 0]  (00:40:08.180, -50.01.22.598, I to 00:39:52.642, -49.58.52.798, I)
2018-06-24 23:19:32	INFO1	statim::ImageHistogramsCalculator::compute	Creating new statistics storage lattice of shape [12]
2018-06-24 23:19:32	DEBUG1	statim::ImageHistogramsCalculator::compute	Creating new histogram storage lattice
2018-06-24 23:19:32	INFO	statim::ImageExprCalculator::_imagecalc	Creating image `simRan/simRan.alma.0.noisy.diff' of shape [750, 750, 1]
2018-06-24 23:19:33	INFO	statim::ImageExprCalculator::_imagecalc	Creating image `simRan/simRan.alma.0.noisy.absdiff' of shape [750, 750, 1]
2018-06-24 23:19:33	INFO	statim::ImageExprCalculator::_imagecalc	Creating image `simRan/simRan.alma.0.noisy.fidelity' of shape [750, 750, 1]
2018-06-24 23:19:34	INFO	clean::analysis::	fidelity image calculated
2018-06-24 23:19:34	INFO	analysis::ImageExprCalculator::_imagecalc	Creating image `simRan/simRan.alma.0.noisy.absconv' of shape [750, 750, 1]
2018-06-24 23:19:34	INFO	clean::analysis::	fidelity range (max model / rms difference) = 1.62116525353e-05
2018-06-24 23:19:35	INFO	analysis::CasacRegionManager::fromBCS	No directional region specified. Using full positional plane.
2018-06-24 23:19:35	INFO	analysis::CasacRegionManager::fromBCS	Using all spectral channels.
2018-06-24 23:19:35	INFO	analysis::CasacRegionManager::fromBCS	Using polarizations ALL
2018-06-24 23:19:35	INFO	analysis::ImageRegion::fromRecord	Selected bounding box : 
2018-06-24 23:19:35	INFO	analysis::ImageRegion::fromRecord+	    [0, 0, 0, 0] to [749, 749, 0, 0]  (00:40:08.180, -50.01.22.598, I, 1e+11Hz to 00:39:52.642, -49.58.52.798, I, 1e+11Hz)
2018-06-24 23:19:35	INFO	analysis::ImageRegion::fromRecord	Selected bounding box : 
2018-06-24 23:19:35	INFO	analysis::ImageRegion::fromRecord+	    [0, 0, 0] to [749, 749, 0]  (00:40:08.180, -50.01.22.598, I to 00:39:52.642, -49.58.52.798, I)
2018-06-24 23:19:35	INFO	analysis::ImageRegion::fromRecord	Selected bounding box : 
2018-06-24 23:19:35	INFO	analysis::ImageRegion::fromRecord+	    [0, 0, 0] to [749, 749, 0]  (00:40:08.180, -50.01.22.598, I to 00:39:52.642, -49.58.52.798, I)
2018-06-24 23:19:35	INFO1	analysis::ImageHistogramsCalculator::compute	Creating new statistics storage lattice of shape [12]
2018-06-24 23:19:35	DEBUG1	analysis::ImageHistogramsCalculator::compute	Creating new histogram storage lattice
2018-06-24 23:19:35	INFO	analysis::ImageRegion::fromRecord	Selected bounding box : 
2018-06-24 23:19:35	INFO	analysis::ImageRegion::fromRecord+	    [0, 0, 0] to [749, 749, 0]  (00:40:08.180, -50.01.22.598, I to 00:39:52.642, -49.58.52.798, I)
2018-06-24 23:19:35	INFO	analysis::ImageRegion::fromRecord	Selected bounding box : 
2018-06-24 23:19:35	INFO	analysis::ImageRegion::fromRecord+	    [0, 0, 0] to [749, 749, 0]  (00:40:08.180, -50.01.22.598, I to 00:39:52.642, -49.58.52.798, I)
2018-06-24 23:19:35	INFO1	analysis::ImageHistogramsCalculator::compute	Creating new statistics storage lattice of shape [12]
2018-06-24 23:19:35	DEBUG1	analysis::ImageHistogramsCalculator::compute	Creating new histogram storage lattice
2018-06-24 23:19:35	INFO	analysis::ImageRegion::fromRecord	Selected bounding box : 
2018-06-24 23:19:35	INFO	analysis::ImageRegion::fromRecord+	    [0, 0, 0] to [749, 749, 0]  (00:40:08.180, -50.01.22.598, I to 00:39:52.642, -49.58.52.798, I)
2018-06-24 23:19:35	INFO	analysis::ImageRegion::fromRecord	Selected bounding box : 
2018-06-24 23:19:35	INFO	analysis::ImageRegion::fromRecord+	    [0, 0, 0] to [749, 749, 0]  (00:40:08.180, -50.01.22.598, I to 00:39:52.642, -49.58.52.798, I)
2018-06-24 23:19:35	INFO1	analysis::ImageHistogramsCalculator::compute	Creating new statistics storage lattice of shape [12]
2018-06-24 23:19:35	DEBUG1	analysis::ImageHistogramsCalculator::compute	Creating new histogram storage lattice
2018-06-24 23:19:35	INFO	analysis::ImageRegion::fromRecord	Selected bounding box : 
2018-06-24 23:19:35	INFO	analysis::ImageRegion::fromRecord+	    [0, 0, 0] to [749, 749, 0]  (00:40:08.180, -50.01.22.598, I to 00:39:52.642, -49.58.52.798, I)
2018-06-24 23:19:36	INFO	analysis::ImageRegion::fromRecord	Selected bounding box : 
2018-06-24 23:19:36	INFO	analysis::ImageRegion::fromRecord+	    [0, 0, 0] to [749, 749, 0]  (00:40:08.180, -50.01.22.598, I to 00:39:52.642, -49.58.52.798, I)
2018-06-24 23:19:36	INFO1	analysis::ImageHistogramsCalculator::compute	Creating new statistics storage lattice of shape [12]
2018-06-24 23:19:36	DEBUG1	analysis::ImageHistogramsCalculator::compute	Creating new histogram storage lattice
2018-06-24 23:19:36	INFO	analysis::ImageRegion::fromRecord	Selected bounding box : 
2018-06-24 23:19:36	INFO	analysis::ImageRegion::fromRecord+	    [0, 0, 0] to [749, 749, 0]  (00:40:08.180, -50.01.22.598, I to 00:39:52.642, -49.58.52.798, I)
2018-06-24 23:19:36	INFO	analysis::ImageRegion::fromRecord	Selected bounding box : 
2018-06-24 23:19:36	INFO	analysis::ImageRegion::fromRecord+	    [0, 0, 0] to [749, 749, 0]  (00:40:08.180, -50.01.22.598, I to 00:39:52.642, -49.58.52.798, I)
2018-06-24 23:19:36	INFO1	analysis::ImageHistogramsCalculator::compute	Creating new statistics storage lattice of shape [12]
2018-06-24 23:19:36	DEBUG1	analysis::ImageHistogramsCalculator::compute	Creating new histogram storage lattice
2018-06-24 23:19:36	INFO	clean::analysis::	Simulation rms: [ 1.71285151] Jy/pix = [ 5915.55998741] Jy/bm
2018-06-24 23:19:36	INFO	clean::analysis::	Simulation max: [ 15.45297912] Jy/pix = [ 53368.9140625] Jy/bm
2018-06-24 23:19:36	INFO	clean::analysis::	Beam bmaj: 28.5797119141 bmin: 4.26589393616 bpa: 7.34830904007
2018-06-24 23:19:36	INFO	analysis::name::	No table opened.
2018-06-24 23:19:36	INFO	simalma::::	##### End Task: simalma              #####
2018-06-24 23:19:36	INFO	simalma::::+	##########################################
